Information,2026-05-16 07:32:00,Microsoft-Windows-DistributedCOM,10010,None,The update operation completed.
Warning,2026-05-16 08:46:00,Service Control Manager,7000,None,A service took longer than expected to respond.
Information,2026-05-16 08:59:00,Microsoft-Windows-DistributedCOM,10010,None,A user session was started.
Warning,2026-05-16 09:19:00,Microsoft-Windows-DistributedCOM,10016,None,A device reported a recoverable condition.
Information,2026-05-16 09:47:00,Microsoft-Windows-DistributedCOM,10016,None,A user session was started.
Warning,2026-05-16 10:14:00,Microsoft-Windows-DistributedCOM,10010,None,A device reported a recoverable condition.
Information,2026-05-16 10:38:00,Microsoft-Windows-DistributedCOM,10010,None,A user session was started.
Information,2026-05-16 11:02:00,Microsoft-Windows-DistributedCOM,10010,None,The operation completed successfully.
Warning,2026-05-16 11:25:00,Microsoft-Windows-DistributedCOM,10010,None,A device reported a recoverable condition.
Information,2026-05-16 11:39:00,Microsoft-Windows-Security-Auditing,4624,None,A Windows service changed state.
Information,2026-05-16 11:59:00,Microsoft-Windows-Security-Auditing,4624,None,A Windows service changed state.
Information,2026-05-16 12:07:00,Winlogon,6005,None,A Windows service changed state.
Information,2026-05-16 12:09:00,Microsoft-Windows-Kernel-Power,41,None,A Windows service changed state.
Information,2026-05-16 12:40:00,Microsoft-Windows-DistributedCOM,10016,None,The operation completed successfully.
Critical,2026-05-16 13:14:00,Microsoft-Windows-Kernel-Power,109,None,The system rebooted without cleanly shutting down first.
Information,2026-05-16 13:58:00,Microsoft-Windows-Security-Auditing,4624,None,The update operation completed.
Information,2026-05-16 15:21:00,Microsoft-Windows-DriverFrameworks-UserMode,10111,None,A user session was started.
Warning,2026-05-16 15:55:00,Microsoft-Windows-DistributedCOM,10010,None,The application-specific permission settings do not grant Local Activation permission.
Warning,2026-05-16 16:50:00,Microsoft-Windows-Kernel-Power,109,None,A device reported a recoverable condition.
Warning,2026-05-16 17:02:00,Service Control Manager,7040,None,The application-specific permission settings do not grant Local Activation permission.
Error,2026-05-16 17:26:00,Microsoft-Windows-DistributedCOM,10010,None,A service terminated unexpectedly.
Information,2026-05-16 17:27:00,Microsoft-Windows-DistributedCOM,10016,None,A Windows service changed state.
Critical,2026-05-16 17:39:00,Application Error,1000,None,The system rebooted without cleanly shutting down first.
Error,2026-05-16 17:51:00,Microsoft-Windows-DistributedCOM,10016,None,An application stopped responding.
Warning,2026-05-16 17:53:00,Microsoft-Windows-DistributedCOM,10010,None,The application-specific permission settings do not grant Local Activation permission.
Information,2026-05-16 18:12:00,Service Control Manager,7001,None,A Windows service changed state.
Information,2026-05-16 18:28:00,Microsoft-Windows-DistributedCOM,10016,None,A Windows service changed state.
Information,2026-05-16 19:16:00,Microsoft-Windows-DistributedCOM,10016,None,The operation completed successfully.
Warning,2026-05-16 19:52:00,Microsoft-Windows-WindowsUpdateClient,43,None,The application-specific permission settings do not grant Local Activation permission.
Information,2026-05-16 20:51:00,Microsoft-Windows-WindowsUpdateClient,20,None,A user session was started.
Information,2026-05-16 21:00:00,Microsoft-Windows-DistributedCOM,10016,None,The operation completed successfully.
Information,2026-05-16 23:07:00,Microsoft-Windows-Security-Auditing,4624,None,The update operation completed.
Information,2026-05-16 23:12:00,Microsoft-Windows-DistributedCOM,10016,None,The update operation completed.
Information,2026-05-16 23:59:00,Microsoft-Windows-DriverFrameworks-UserMode,10111,None,A Windows service changed state.
Information,2026-05-17 00:04:00,Application Error,1000,None,A user session was started.
Information,2026-05-17 01:16:00,Microsoft-Windows-DistributedCOM,10010,None,The operation completed successfully.
Information,2026-05-17 01:41:00,Microsoft-Windows-DriverFrameworks-UserMode,10111,None,The operation completed successfully.
Information,2026-05-17 02:47:00,Microsoft-Windows-DistributedCOM,10010,None,The update operation completed.
Information,2026-05-17 03:59:00,Microsoft-Windows-Security-Auditing,4624,None,The operation completed successfully.
Warning,2026-05-17 04:24:00,Service Control Manager,7001,None,The application-specific permission settings do not grant Local Activation permission.
Warning,2026-05-17 04:28:00,Microsoft-Windows-WindowsUpdateClient,20,None,A device reported a recoverable condition.
Warning,2026-05-17 04:47:00,Microsoft-Windows-DistributedCOM,10016,None,A device reported a recoverable condition.
Information,2026-05-17 05:05:00,Microsoft-Windows-DistributedCOM,10010,None,A Windows service changed state.
Information,2026-05-17 05:28:00,Microsoft-Windows-DistributedCOM,10016,None,The update operation completed.
Warning,2026-05-17 06:04:00,Microsoft-Windows-DistributedCOM,10010,None,A device reported a recoverable condition.
Information,2026-05-17 06:11:00,Microsoft-Windows-DistributedCOM,10010,None,A Windows service changed state.
Information,2026-05-17 06:35:00,Microsoft-Windows-DistributedCOM,10016,None,The operation completed successfully.
Information,2026-05-17 07:24:00,Service Control Manager,7001,None,The update operation completed.
Information,2026-05-17 07:54:00,Service Control Manager,7040,None,A user session was started.
Warning,2026-05-17 08:35:00,Microsoft-Windows-DistributedCOM,10010,None,The application-specific permission settings do not grant Local Activation permission.
Information,2026-05-17 09:26:00,Microsoft-Windows-DistributedCOM,10010,None,A Windows service changed state.
Information,2026-05-17 09:55:00,Microsoft-Windows-DriverFrameworks-UserMode,10111,None,The operation completed successfully.
Error,2026-05-17 10:19:00,Microsoft-Windows-DistributedCOM,10010,None,An update could not be installed.
Information,2026-05-17 10:24:00,Application Error,1000,None,A Windows service changed state.
Information,2026-05-17 11:00:00,Microsoft-Windows-DistributedCOM,10010,None,The update operation completed.
Warning,2026-05-17 11:15:00,Microsoft-Windows-Kernel-Power,41,None,A service took longer than expected to respond.
Warning,2026-05-17 11:34:00,Microsoft-Windows-DistributedCOM,10016,None,A device reported a recoverable condition.
Warning,2026-05-17 12:33:00,Microsoft-Windows-DistributedCOM,10016,None,The application-specific permission settings do not grant Local Activation permission.
Information,2026-05-17 13:24:00,Microsoft-Windows-WindowsUpdateClient,20,None,A Windows service changed state.
Information,2026-05-17 13:25:00,Microsoft-Windows-Security-Auditing,4624,None,The operation completed successfully.
Information,2026-05-17 13:28:00,Microsoft-Windows-DistributedCOM,10016,None,A Windows service changed state.
Warning,2026-05-17 13:29:00,Microsoft-Windows-DistributedCOM,10016,None,A device reported a recoverable condition.
Error,2026-05-17 13:30:00,Microsoft-Windows-DistributedCOM,10016,None,An application stopped responding.
Warning,2026-05-17 13:43:00,Service Control Manager,7040,None,The application-specific permission settings do not grant Local Activation permission.
Warning,2026-05-17 14:24:00,Microsoft-Windows-Kernel-Power,109,None,The application-specific permission settings do not grant Local Activation permission.
Warning,2026-05-17 14:26:00,Microsoft-Windows-WindowsUpdateClient,31,None,The application-specific permission settings do not grant Local Activation permission.
Information,2026-05-17 14:30:00,Microsoft-Windows-DistributedCOM,10010,None,The update operation completed.
Information,2026-05-17 14:50:00,Microsoft-Windows-DistributedCOM,10016,None,The update operation completed.
Information,2026-05-17 15:00:00,Microsoft-Windows-DistributedCOM,10016,None,The update operation completed.
Information,2026-05-17 15:25:00,Service Control Manager,7031,None,A user session was started.
Information,2026-05-17 15:49:00,Microsoft-Windows-Security-Auditing,4624,None,A user session was started.
Information,2026-05-17 16:44:00,Microsoft-Windows-WindowsUpdateClient,20,None,The update operation completed.
Information,2026-05-17 17:33:00,Microsoft-Windows-WindowsUpdateClient,20,None,A user session was started.
Information,2026-05-17 17:56:00,Microsoft-Windows-DistributedCOM,10016,None,A Windows service changed state.
Information,2026-05-17 18:06:00,Microsoft-Windows-Security-Auditing,4624,None,A user session was started.
Warning,2026-05-17 18:20:00,Service Control Manager,7000,None,A service took longer than expected to respond.
Information,2026-05-17 19:13:00,Service Control Manager,7040,None,A Windows service changed state.
Information,2026-05-17 19:35:00,Service Control Manager,7031,None,The operation completed successfully.
Warning,2026-05-17 20:06:00,Microsoft-Windows-DriverFrameworks-UserMode,10111,None,The application-specific permission settings do not grant Local Activation permission.
Critical,2026-05-17 20:19:00,Service Control Manager,7031,None,The system rebooted without cleanly shutting down first.
Warning,2026-05-17 21:28:00,Microsoft-Windows-DistributedCOM,10016,None,The application-specific permission settings do not grant Local Activation permission.
Warning,2026-05-17 22:07:00,Microsoft-Windows-WindowsUpdateClient,31,None,The application-specific permission settings do not grant Local Activation permission.
Warning,2026-05-17 22:08:00,Microsoft-Windows-DistributedCOM,10016,None,A device reported a recoverable condition.
Information,2026-05-17 22:13:00,Microsoft-Windows-DistributedCOM,10010,None,A user session was started.
Error,2026-05-17 22:19:00,Service Control Manager,7040,None,A service terminated unexpectedly.
Information,2026-05-17 23:12:00,Service Control Manager,7040,None,A Windows service changed state.
Warning,2026-05-17 23:15:00,Microsoft-Windows-WindowsUpdateClient,20,None,A service took longer than expected to respond.
Information,2026-05-17 23:31:00,Microsoft-Windows-Kernel-Power,41,None,The update operation completed.
Information,2026-05-17 23:34:00,Microsoft-Windows-DistributedCOM,10010,None,The update operation completed.
Information,2026-05-18 00:23:00,Microsoft-Windows-Security-Auditing,4624,None,The update operation completed.
Warning,2026-05-18 02:13:00,Microsoft-Windows-WindowsUpdateClient,31,None,The application-specific permission settings do not grant Local Activation permission.
Warning,2026-05-18 02:14:00,Microsoft-Windows-DistributedCOM,10010,None,The application-specific permission settings do not grant Local Activation permission.
Information,2026-05-18 02:14:00,Service Control Manager,7000,None,A user session was started.
Error,2026-05-18 02:37:00,Microsoft-Windows-DistributedCOM,10010,None,A service terminated unexpectedly.
Information,2026-05-18 02:42:00,Microsoft-Windows-Kernel-Power,41,None,The operation completed successfully.
Warning,2026-05-18 03:34:00,Microsoft-Windows-DistributedCOM,10016,None,A service took longer than expected to respond.
Information,2026-05-18 05:19:00,Microsoft-Windows-DistributedCOM,10016,None,A Windows service changed state.
Information,2026-05-18 05:39:00,Application Error,1001,None,A user session was started.
Information,2026-05-18 05:48:00,Service Control Manager,7040,None,A user session was started.
Information,2026-05-18 06:13:00,Service Control Manager,7001,None,The update operation completed.
Warning,2026-05-18 06:16:00,Microsoft-Windows-DistributedCOM,10010,None,A device reported a recoverable condition.
Warning,2026-05-18 07:15:00,Microsoft-Windows-DistributedCOM,10016,None,A device reported a recoverable condition.
Information,2026-05-18 07:26:00,Microsoft-Windows-DistributedCOM,10010,None,A Windows service changed state.
Information,2026-05-18 08:30:00,Microsoft-Windows-DistributedCOM,10010,None,The update operation completed.
Information,2026-05-18 08:35:00,Microsoft-Windows-WindowsUpdateClient,20,None,The update operation completed.
Information,2026-05-18 08:58:00,Microsoft-Windows-WindowsUpdateClient,43,None,A Windows service changed state.
Information,2026-05-18 09:01:00,Microsoft-Windows-DistributedCOM,10010,None,The operation completed successfully.
Warning,2026-05-18 09:07:00,Microsoft-Windows-DriverFrameworks-UserMode,10110,None,The application-specific permission settings do not grant Local Activation permission.
Information,2026-05-18 09:23:00,Microsoft-Windows-DistributedCOM,10010,None,A user session was started.
Information,2026-05-18 09:46:00,Microsoft-Windows-DriverFrameworks-UserMode,10110,None,A Windows service changed state.
Information,2026-05-18 09:53:00,Microsoft-Windows-WindowsUpdateClient,20,None,The update operation completed.
Information,2026-05-18 10:49:00,Microsoft-Windows-WindowsUpdateClient,31,None,A Windows service changed state.
Information,2026-05-18 10:53:00,Winlogon,6005,None,A user session was started.
Information,2026-05-18 10:58:00,Microsoft-Windows-WindowsUpdateClient,20,None,A Windows service changed state.
Information,2026-05-18 12:55:00,Microsoft-Windows-DistributedCOM,10016,None,A user session was started.
Information,2026-05-18 13:24:00,Service Control Manager,7031,None,A user session was started.
Information,2026-05-18 13:59:00,Service Control Manager,7031,None,A Windows service changed state.
Warning,2026-05-18 14:50:00,Service Control Manager,7000,None,The application-specific permission settings do not grant Local Activation permission.
Information,2026-05-18 15:47:00,Application Error,1001,None,The update operation completed.
Information,2026-05-18 15:49:00,Application Error,1000,None,A user session was started.
Information,2026-05-18 16:41:00,Winlogon,6005,None,The update operation completed.
Information,2026-05-18 16:49:00,Microsoft-Windows-Security-Auditing,4624,None,A user session was started.
Warning,2026-05-18 18:20:00,Microsoft-Windows-WindowsUpdateClient,19,None,A device reported a recoverable condition.
Error,2026-05-18 18:36:00,Microsoft-Windows-DistributedCOM,10016,None,A user logon attempt failed.
Information,2026-05-18 18:50:00,Microsoft-Windows-DistributedCOM,10010,None,A user session was started.
Information,2026-05-18 20:12:00,Microsoft-Windows-DistributedCOM,10016,None,The update operation completed.
Information,2026-05-18 20:47:00,Service Control Manager,7040,None,A Windows service changed state.
Information,2026-05-18 21:02:00,Service Control Manager,7000,None,The update operation completed.
Information,2026-05-18 21:21:00,Microsoft-Windows-DistributedCOM,10010,None,The update operation completed.
Information,2026-05-18 22:19:00,Application Error,1000,None,The update operation completed.
Information,2026-05-18 22:53:00,Application Error,1001,None,The update operation completed.
Information,2026-05-18 22:58:00,Microsoft-Windows-WindowsUpdateClient,20,None,A user session was started.
Information,2026-05-18 23:35:00,Microsoft-Windows-DistributedCOM,10010,None,A user session was started.
Warning,2026-05-19 00:07:00,Service Control Manager,7000,None,A device reported a recoverable condition.
Warning,2026-05-19 00:18:00,Service Control Manager,7001,None,A device reported a recoverable condition.
Warning,2026-05-19 00:42:00,Microsoft-Windows-Kernel-Power,41,None,A device reported a recoverable condition.
Information,2026-05-19 02:30:00,Microsoft-Windows-DistributedCOM,10016,None,The update operation completed.
Information,2026-05-19 03:07:00,Microsoft-Windows-Kernel-Power,109,None,The update operation completed.
Information,2026-05-19 03:53:00,Microsoft-Windows-DistributedCOM,10016,None,A user session was started.
Error,2026-05-19 04:06:00,Microsoft-Windows-Kernel-Power,109,None,A user logon attempt failed.
Information,2026-05-19 04:45:00,Service Control Manager,7031,None,The operation completed successfully.
Information,2026-05-19 05:22:00,Microsoft-Windows-DistributedCOM,10010,None,The operation completed successfully.
Information,2026-05-19 08:14:00,Microsoft-Windows-DistributedCOM,10010,None,The operation completed successfully.
Information,2026-05-19 09:04:00,Microsoft-Windows-DistributedCOM,10010,None,The operation completed successfully.
Information,2026-05-19 09:05:00,Microsoft-Windows-DistributedCOM,10010,None,A user session was started.
Information,2026-05-19 09:56:00,Service Control Manager,7000,None,The operation completed successfully.
Information,2026-05-19 11:24:00,Microsoft-Windows-Security-Auditing,4624,None,The update operation completed.
Information,2026-05-19 12:38:00,Microsoft-Windows-DistributedCOM,10010,None,A Windows service changed state.
Information,2026-05-19 13:27:00,Microsoft-Windows-DistributedCOM,10010,None,The update operation completed.
Warning,2026-05-19 14:05:00,Microsoft-Windows-DistributedCOM,10010,None,A service took longer than expected to respond.
Information,2026-05-19 16:11:00,Service Control Manager,7031,None,The update operation completed.
Information,2026-05-19 16:19:00,Service Control Manager,7031,None,The update operation completed.
Information,2026-05-19 16:28:00,Application Error,1001,None,The update operation completed.
Information,2026-05-19 16:52:00,Microsoft-Windows-WindowsUpdateClient,31,None,The update operation completed.
Critical,2026-05-19 17:10:00,Microsoft-Windows-DistributedCOM,10010,None,The system rebooted without cleanly shutting down first.
Warning,2026-05-19 17:40:00,Service Control Manager,7001,None,A device reported a recoverable condition.
Information,2026-05-19 17:43:00,Microsoft-Windows-Kernel-Power,109,None,The update operation completed.
Information,2026-05-19 17:44:00,Microsoft-Windows-DistributedCOM,10010,None,A user session was started.
Information,2026-05-19 17:47:00,Microsoft-Windows-DistributedCOM,10016,None,A Windows service changed state.
Information,2026-05-19 18:00:00,Microsoft-Windows-Security-Auditing,4624,None,The operation completed successfully.
Information,2026-05-19 18:04:00,Microsoft-Windows-DistributedCOM,10010,None,A Windows service changed state.
Information,2026-05-19 18:57:00,Microsoft-Windows-DistributedCOM,10010,None,A user session was started.
Warning,2026-05-19 19:20:00,Service Control Manager,7031,None,The application-specific permission settings do not grant Local Activation permission.
Information,2026-05-19 21:08:00,Microsoft-Windows-DistributedCOM,10010,None,The update operation completed.
Warning,2026-05-19 21:51:00,Microsoft-Windows-DistributedCOM,10016,None,A device reported a recoverable condition.
Information,2026-05-19 22:24:00,Microsoft-Windows-Security-Auditing,4624,None,A user session was started.
Information,2026-05-19 22:36:00,Microsoft-Windows-DistributedCOM,10016,None,The update operation completed.
Information,2026-05-19 22:39:00,Microsoft-Windows-Security-Auditing,4634,None,The operation completed successfully.
Information,2026-05-19 23:39:00,Microsoft-Windows-Security-Auditing,4624,None,A user session was started.
Information,2026-05-19 23:46:00,Microsoft-Windows-Security-Auditing,4624,None,The update operation completed.
Information,2026-05-20 00:04:00,Microsoft-Windows-Security-Auditing,4624,None,The update operation completed.
Error,2026-05-20 00:14:00,Microsoft-Windows-DriverFrameworks-UserMode,10111,None,An application stopped responding.
Information,2026-05-20 00:18:00,Microsoft-Windows-Security-Auditing,4624,None,A user session was started.
Warning,2026-05-20 02:11:00,Microsoft-Windows-Kernel-Power,109,None,The application-specific permission settings do not grant Local Activation permission.
Information,2026-05-20 02:12:00,Microsoft-Windows-Security-Auditing,4634,None,The operation completed successfully.
Information,2026-05-20 02:24:00,Microsoft-Windows-Security-Auditing,4624,None,A user session was started.
Information,2026-05-20 03:08:00,Microsoft-Windows-DistributedCOM,10010,None,The operation completed successfully.
Information,2026-05-20 03:18:00,Service Control Manager,7001,None,A user session was started.
Information,2026-05-20 03:31:00,Microsoft-Windows-Kernel-Power,41,None,A Windows service changed state.
Information,2026-05-20 03:45:00,Microsoft-Windows-Security-Auditing,4624,None,The operation completed successfully.
Information,2026-05-20 04:02:00,Winlogon,6005,None,A user session was started.
Warning,2026-05-20 04:28:00,Microsoft-Windows-DistributedCOM,10016,None,A service took longer than expected to respond.
Information,2026-05-20 04:47:00,Service Control Manager,7040,None,The operation completed successfully.
Warning,2026-05-20 05:19:00,Service Control Manager,7000,None,A service took longer than expected to respond.
Information,2026-05-20 05:22:00,Microsoft-Windows-DistributedCOM,10010,None,The update operation completed.
Information,2026-05-20 05:39:00,Service Control Manager,7040,None,A user session was started.
Information,2026-05-20 05:44:00,Microsoft-Windows-DistributedCOM,10010,None,The update operation completed.
Information,2026-05-20 05:49:00,Microsoft-Windows-Security-Auditing,4624,None,The operation completed successfully.
Information,2026-05-20 05:57:00,Microsoft-Windows-Security-Auditing,4624,None,The operation completed successfully.
Information,2026-05-20 06:06:00,Microsoft-Windows-Kernel-Power,41,None,The update operation completed.
Information,2026-05-20 06:08:00,Microsoft-Windows-WindowsUpdateClient,19,None,The operation completed successfully.
Error,2026-05-20 08:12:00,Microsoft-Windows-DistributedCOM,10010,None,A user logon attempt failed.
Information,2026-05-20 08:22:00,Service Control Manager,7031,None,A Windows service changed state.
Critical,2026-05-20 10:45:00,Microsoft-Windows-WindowsUpdateClient,31,None,The system rebooted without cleanly shutting down first.
Error,2026-05-20 12:52:00,Microsoft-Windows-DriverFrameworks-UserMode,10111,None,A user logon attempt failed.
Information,2026-05-20 13:50:00,Microsoft-Windows-Kernel-Power,41,None,A user session was started.
Information,2026-05-20 13:57:00,Microsoft-Windows-DriverFrameworks-UserMode,10111,None,A user session was started.
Information,2026-05-20 15:27:00,Service Control Manager,7001,None,A Windows service changed state.
Warning,2026-05-20 16:35:00,Service Control Manager,7000,None,A service took longer than expected to respond.
Information,2026-05-20 16:43:00,Microsoft-Windows-WindowsUpdateClient,19,None,A user session was started.
Warning,2026-05-20 18:03:00,Service Control Manager,7000,None,The application-specific permission settings do not grant Local Activation permission.
Information,2026-05-20 18:26:00,Microsoft-Windows-DistributedCOM,10010,None,A user session was started.
Warning,2026-05-20 19:20:00,Winlogon,6006,None,A service took longer than expected to respond.
Information,2026-05-20 19:24:00,Service Control Manager,7040,None,The update operation completed.
Error,2026-05-20 20:32:00,Microsoft-Windows-DistributedCOM,10010,None,A service terminated unexpectedly.
Information,2026-05-20 20:34:00,Microsoft-Windows-WindowsUpdateClient,31,None,A user session was started.
Warning,2026-05-20 20:40:00,Winlogon,6006,None,The application-specific permission settings do not grant Local Activation permission.
Information,2026-05-20 21:13:00,Service Control Manager,7001,None,A Windows service changed state.
Information,2026-05-20 22:55:00,Microsoft-Windows-Kernel-Power,41,None,A user session was started.
Information,2026-05-20 22:55:00,Microsoft-Windows-DistributedCOM,10016,None,The update operation completed.
Warning,2026-05-20 23:08:00,Microsoft-Windows-DistributedCOM,10016,None,A device reported a recoverable condition.
Warning,2026-05-20 23:50:00,Service Control Manager,7000,None,The application-specific permission settings do not grant Local Activation permission.
Information,2026-05-21 01:14:00,Microsoft-Windows-DistributedCOM,10010,None,A Windows service changed state.
Information,2026-05-21 01:34:00,Microsoft-Windows-WindowsUpdateClient,43,None,A user session was started.
Information,2026-05-21 01:34:00,Application Error,1000,None,A Windows service changed state.
Warning,2026-05-21 01:43:00,Microsoft-Windows-DistributedCOM,10010,None,A service took longer than expected to respond.
Information,2026-05-21 01:47:00,Microsoft-Windows-WindowsUpdateClient,31,None,A user session was started.
Error,2026-05-21 02:31:00,Application Error,1000,None,An update could not be installed.
Information,2026-05-21 03:42:00,Microsoft-Windows-WindowsUpdateClient,20,None,A Windows service changed state.
Information,2026-05-21 04:04:00,Microsoft-Windows-Security-Auditing,4624,None,A user session was started.
Information,2026-05-21 04:09:00,Microsoft-Windows-WindowsUpdateClient,19,None,A user session was started.
Information,2026-05-21 05:25:00,Microsoft-Windows-DistributedCOM,10016,None,A Windows service changed state.
Warning,2026-05-21 05:37:00,Microsoft-Windows-WindowsUpdateClient,20,None,A device reported a recoverable condition.
Warning,2026-05-21 06:30:00,Microsoft-Windows-DistributedCOM,10016,None,The application-specific permission settings do not grant Local Activation permission.
Information,2026-05-21 07:47:00,Microsoft-Windows-WindowsUpdateClient,19,None,A Windows service changed state.
Error,2026-05-21 08:26:00,Microsoft-Windows-DistributedCOM,10016,None,An update could not be installed.
Information,2026-05-21 08:59:00,Microsoft-Windows-WindowsUpdateClient,43,None,A user session was started.
Error,2026-05-21 09:47:00,Microsoft-Windows-DistributedCOM,10010,None,A user logon attempt failed.
Information,2026-05-21 11:12:00,Microsoft-Windows-WindowsUpdateClient,19,None,The update operation completed.
Error,2026-05-21 11:21:00,Microsoft-Windows-DistributedCOM,10010,None,An update could not be installed.
Error,2026-05-21 12:09:00,Service Control Manager,7031,None,A user logon attempt failed.
Information,2026-05-21 12:25:00,Microsoft-Windows-DistributedCOM,10010,None,The update operation completed.
Information,2026-05-21 12:31:00,Microsoft-Windows-Security-Auditing,4634,None,A user session was started.
Information,2026-05-21 12:57:00,Microsoft-Windows-DistributedCOM,10016,None,The update operation completed.
Error,2026-05-21 13:40:00,Microsoft-Windows-DistributedCOM,10016,None,A user logon attempt failed.
Warning,2026-05-21 13:44:00,Microsoft-Windows-WindowsUpdateClient,19,None,The application-specific permission settings do not grant Local Activation permission.
Warning,2026-05-21 15:32:00,Microsoft-Windows-DistributedCOM,10010,None,The application-specific permission settings do not grant Local Activation permission.
Warning,2026-05-21 16:06:00,Winlogon,6006,None,A service took longer than expected to respond.
Warning,2026-05-21 16:53:00,Microsoft-Windows-WindowsUpdateClient,20,None,A service took longer than expected to respond.
Warning,2026-05-21 17:19:00,Microsoft-Windows-DistributedCOM,10016,None,The application-specific permission settings do not grant Local Activation permission.
Error,2026-05-21 17:48:00,Microsoft-Windows-DistributedCOM,10010,None,A user logon attempt failed.
Error,2026-05-21 18:08:00,Microsoft-Windows-DistributedCOM,10010,None,An update could not be installed.
Error,2026-05-21 18:10:00,Microsoft-Windows-Kernel-Power,109,None,An application stopped responding.
Information,2026-05-21 18:57:00,Application Error,1000,None,The update operation completed.
Information,2026-05-21 19:17:00,Microsoft-Windows-DistributedCOM,10010,None,The update operation completed.
Information,2026-05-21 19:36:00,Microsoft-Windows-Security-Auditing,4624,None,A Windows service changed state.
Information,2026-05-21 19:40:00,Microsoft-Windows-DistributedCOM,10016,None,The operation completed successfully.
Warning,2026-05-21 19:55:00,Application Error,1000,None,A device reported a recoverable condition.
Error,2026-05-21 19:58:00,Microsoft-Windows-DistributedCOM,10016,None,A service terminated unexpectedly.
Information,2026-05-21 20:31:00,Microsoft-Windows-DriverFrameworks-UserMode,10111,None,A user session was started.
Warning,2026-05-21 20:48:00,Service Control Manager,7001,None,A device reported a recoverable condition.
Critical,2026-05-21 22:10:00,Winlogon,6005,None,The system rebooted without cleanly shutting down first.
Information,2026-05-21 22:44:00,Microsoft-Windows-DriverFrameworks-UserMode,10110,None,The update operation completed.
Information,2026-05-21 22:45:00,Microsoft-Windows-Security-Auditing,4624,None,The update operation completed.
Warning,2026-05-21 23:37:00,Microsoft-Windows-DistributedCOM,10016,None,A service took longer than expected to respond.
Warning,2026-05-22 00:42:00,Service Control Manager,7040,None,A device reported a recoverable condition.
Warning,2026-05-22 00:44:00,Microsoft-Windows-WindowsUpdateClient,31,None,A service took longer than expected to respond.
Warning,2026-05-22 00:48:00,Microsoft-Windows-DistributedCOM,10010,None,A service took longer than expected to respond.
Warning,2026-05-22 02:06:00,Microsoft-Windows-DriverFrameworks-UserMode,10111,None,The application-specific permission settings do not grant Local Activation permission.
Warning,2026-05-22 02:23:00,Microsoft-Windows-WindowsUpdateClient,19,None,A device reported a recoverable condition.
Information,2026-05-22 02:24:00,Microsoft-Windows-DistributedCOM,10016,None,A Windows service changed state.
Information,2026-05-22 02:41:00,Service Control Manager,7001,None,A Windows service changed state.
Information,2026-05-22 03:05:00,Microsoft-Windows-WindowsUpdateClient,19,None,The update operation completed.
Information,2026-05-22 04:36:00,Service Control Manager,7040,None,A user session was started.
Information,2026-05-22 04:53:00,Microsoft-Windows-WindowsUpdateClient,19,None,A Windows service changed state.
Information,2026-05-22 05:06:00,Microsoft-Windows-Security-Auditing,4634,None,The operation completed successfully.
Information,2026-05-22 06:30:00,Microsoft-Windows-Security-Auditing,4624,None,The update operation completed.
Warning,2026-05-22 07:59:00,Microsoft-Windows-WindowsUpdateClient,20,None,A device reported a recoverable condition.
Information,2026-05-22 08:06:00,Microsoft-Windows-DistributedCOM,10016,None,A user session was started.
Warning,2026-05-22 08:17:00,Microsoft-Windows-DistributedCOM,10010,None,A service took longer than expected to respond.
Information,2026-05-22 08:42:00,Microsoft-Windows-WindowsUpdateClient,19,None,The update operation completed.
Information,2026-05-22 09:22:00,Microsoft-Windows-Security-Auditing,4624,None,The operation completed successfully.
Information,2026-05-22 10:57:00,Microsoft-Windows-DriverFrameworks-UserMode,10110,None,The update operation completed.
Warning,2026-05-22 11:01:00,Microsoft-Windows-DistributedCOM,10010,None,A device reported a recoverable condition.
Information,2026-05-22 11:26:00,Microsoft-Windows-Security-Auditing,4634,None,A Windows service changed state.
Information,2026-05-22 12:16:00,Microsoft-Windows-DistributedCOM,10010,None,A Windows service changed state.
Information,2026-05-22 12:27:00,Microsoft-Windows-DriverFrameworks-UserMode,10111,None,A Windows service changed state.
Information,2026-05-22 12:43:00,Microsoft-Windows-DistributedCOM,10016,None,The update operation completed.
Warning,2026-05-22 12:52:00,Microsoft-Windows-WindowsUpdateClient,20,None,A device reported a recoverable condition.
Warning,2026-05-22 13:43:00,Microsoft-Windows-DistributedCOM,10016,None,A device reported a recoverable condition.
Information,2026-05-22 13:59:00,Microsoft-Windows-DriverFrameworks-UserMode,10110,None,A Windows service changed state.
Information,2026-05-22 14:01:00,Microsoft-Windows-DistributedCOM,10016,None,The operation completed successfully.
Warning,2026-05-22 15:02:00,Microsoft-Windows-DistributedCOM,10010,None,A service took longer than expected to respond.
Information,2026-05-22 15:12:00,Microsoft-Windows-DistributedCOM,10016,None,A Windows service changed state.
Information,2026-05-22 15:27:00,Microsoft-Windows-WindowsUpdateClient,19,None,A Windows service changed state.
Warning,2026-05-22 15:31:00,Microsoft-Windows-DistributedCOM,10016,None,A service took longer than expected to respond.
Information,2026-05-22 16:00:00,Microsoft-Windows-Kernel-Power,109,None,The operation completed successfully.
Warning,2026-05-22 17:08:00,Microsoft-Windows-DistributedCOM,10016,None,The application-specific permission settings do not grant Local Activation permission.
Warning,2026-05-22 17:23:00,Microsoft-Windows-WindowsUpdateClient,20,None,A service took longer than expected to respond.
Information,2026-05-22 18:00:00,Microsoft-Windows-Security-Auditing,4624,None,A Windows service changed state.
Information,2026-05-22 18:34:00,Microsoft-Windows-Kernel-Power,41,None,The operation completed successfully.
Information,2026-05-22 18:49:00,Service Control Manager,7001,None,A Windows service changed state.
Warning,2026-05-22 19:27:00,Microsoft-Windows-DriverFrameworks-UserMode,10111,None,The application-specific permission settings do not grant Local Activation permission.
Error,2026-05-22 19:54:00,Microsoft-Windows-Kernel-Power,41,None,A user logon attempt failed.
Information,2026-05-22 19:56:00,Service Control Manager,7031,None,The update operation completed.
Information,2026-05-22 20:37:00,Microsoft-Windows-DistributedCOM,10016,None,A Windows service changed state.
Information,2026-05-22 21:03:00,Microsoft-Windows-WindowsUpdateClient,31,None,The update operation completed.
Information,2026-05-22 21:22:00,Application Error,1000,None,The operation completed successfully.
Information,2026-05-22 21:27:00,Microsoft-Windows-Security-Auditing,4634,None,The update operation completed.
Information,2026-05-22 21:43:00,Microsoft-Windows-DriverFrameworks-UserMode,10111,None,The operation completed successfully.
Information,2026-05-22 21:52:00,Application Error,1001,None,The operation completed successfully.
Information,2026-05-23 00:26:00,Microsoft-Windows-DistributedCOM,10016,None,A Windows service changed state.
Information,2026-05-23 00:31:00,Microsoft-Windows-Security-Auditing,4624,None,The update operation completed.
Information,2026-05-23 00:47:00,Service Control Manager,7001,None,The operation completed successfully.
Information,2026-05-23 00:50:00,Service Control Manager,7000,None,The update operation completed.
Error,2026-05-23 04:04:00,Microsoft-Windows-DistributedCOM,10016,None,A service terminated unexpectedly.
Information,2026-05-23 04:13:00,Microsoft-Windows-DriverFrameworks-UserMode,10111,None,The operation completed successfully.
Information,2026-05-23 04:48:00,Microsoft-Windows-DistributedCOM,10016,None,The operation completed successfully.
Information,2026-05-23 04:49:00,Microsoft-Windows-DistributedCOM,10016,None,A user session was started.
Information,2026-05-23 05:05:00,Microsoft-Windows-WindowsUpdateClient,43,None,A Windows service changed state.
Information,2026-05-23 05:10:00,Microsoft-Windows-DriverFrameworks-UserMode,10111,None,The operation completed successfully.
Warning,2026-05-23 06:41:00,Service Control Manager,7040,None,The application-specific permission settings do not grant Local Activation permission.
Warning,2026-05-23 08:08:00,Microsoft-Windows-WindowsUpdateClient,20,None,A service took longer than expected to respond.
Warning,2026-05-23 08:16:00,Microsoft-Windows-DistributedCOM,10010,None,A device reported a recoverable condition.
Information,2026-05-23 08:36:00,Service Control Manager,7000,None,The operation completed successfully.
Error,2026-05-23 08:58:00,Service Control Manager,7000,None,A service terminated unexpectedly.
Information,2026-05-23 09:45:00,Winlogon,6005,None,A user session was started.
Information,2026-05-23 11:07:00,Microsoft-Windows-DistributedCOM,10016,None,A Windows service changed state.
Information,2026-05-23 12:00:00,Microsoft-Windows-DistributedCOM,10010,None,The update operation completed.
Information,2026-05-23 14:10:00,Winlogon,6006,None,The operation completed successfully.
Information,2026-05-23 14:50:00,Microsoft-Windows-DistributedCOM,10010,None,The operation completed successfully.
Warning,2026-05-23 15:15:00,Microsoft-Windows-DistributedCOM,10016,None,A service took longer than expected to respond.
Information,2026-05-23 16:16:00,Service Control Manager,7031,None,The update operation completed.
Information,2026-05-23 16:21:00,Microsoft-Windows-Security-Auditing,4624,None,The update operation completed.
Information,2026-05-23 16:30:00,Microsoft-Windows-DistributedCOM,10016,None,The operation completed successfully.
Error,2026-05-23 16:41:00,Microsoft-Windows-DistributedCOM,10016,None,A service terminated unexpectedly.
Information,2026-05-23 17:13:00,Service Control Manager,7001,None,The update operation completed.
Information,2026-05-23 17:22:00,Microsoft-Windows-Kernel-Power,109,None,The update operation completed.
Error,2026-05-23 17:25:00,Microsoft-Windows-Kernel-Power,41,None,An update could not be installed.
Information,2026-05-23 19:06:00,Service Control Manager,7000,None,A user session was started.
Warning,2026-05-23 19:08:00,Microsoft-Windows-WindowsUpdateClient,19,None,A device reported a recoverable condition.
Information,2026-05-23 19:42:00,Microsoft-Windows-Security-Auditing,4624,None,A Windows service changed state.
Critical,2026-05-23 20:30:00,Service Control Manager,7000,None,The system rebooted without cleanly shutting down first.
Warning,2026-05-23 21:23:00,Microsoft-Windows-DistributedCOM,10016,None,A service took longer than expected to respond.
Information,2026-05-23 22:44:00,Microsoft-Windows-DriverFrameworks-UserMode,10110,None,A user session was started.
Information,2026-05-23 23:12:00,Service Control Manager,7040,None,A user session was started.
Warning,2026-05-23 23:22:00,Microsoft-Windows-WindowsUpdateClient,20,None,The application-specific permission settings do not grant Local Activation permission.
Information,2026-05-24 00:09:00,Microsoft-Windows-DistributedCOM,10010,None,A user session was started.
Information,2026-05-24 01:02:00,Microsoft-Windows-WindowsUpdateClient,20,None,The operation completed successfully.
Information,2026-05-24 01:21:00,Microsoft-Windows-Security-Auditing,4624,None,A Windows service changed state.
Warning,2026-05-24 01:29:00,Microsoft-Windows-Kernel-Power,41,None,A service took longer than expected to respond.
Error,2026-05-24 02:21:00,Application Error,1001,None,An update could not be installed.
Information,2026-05-24 03:54:00,Service Control Manager,7001,None,A Windows service changed state.
Information,2026-05-24 03:56:00,Microsoft-Windows-WindowsUpdateClient,43,None,A user session was started.
Warning,2026-05-24 04:27:00,Microsoft-Windows-DistributedCOM,10010,None,A service took longer than expected to respond.
Warning,2026-05-24 04:28:00,Microsoft-Windows-DistributedCOM,10010,None,The application-specific permission settings do not grant Local Activation permission.
Information,2026-05-24 06:02:00,Microsoft-Windows-WindowsUpdateClient,19,None,A user session was started.
Warning,2026-05-24 07:41:00,Microsoft-Windows-DistributedCOM,10010,None,The application-specific permission settings do not grant Local Activation permission.
Information,2026-05-24 07:50:00,Service Control Manager,7040,None,The operation completed successfully.
Information,2026-05-24 08:09:00,Service Control Manager,7031,None,A user session was started.
Warning,2026-05-24 08:48:00,Microsoft-Windows-DistributedCOM,10016,None,A device reported a recoverable condition.
Error,2026-05-24 08:49:00,Microsoft-Windows-DistributedCOM,10010,None,A service terminated unexpectedly.
Error,2026-05-24 08:56:00,Application Error,1001,None,A user logon attempt failed.
Warning,2026-05-24 10:06:00,Service Control Manager,7001,None,A service took longer than expected to respond.
Information,2026-05-24 10:31:00,Microsoft-Windows-Kernel-Power,41,None,A user session was started.
Error,2026-05-24 10:53:00,Microsoft-Windows-DriverFrameworks-UserMode,10111,None,A service terminated unexpectedly.
Information,2026-05-24 10:59:00,Service Control Manager,7031,None,The operation completed successfully.
Information,2026-05-24 11:27:00,Service Control Manager,7031,None,A user session was started.
Information,2026-05-24 11:28:00,Winlogon,6005,None,The update operation completed.
Error,2026-05-24 12:27:00,Application Error,1000,None,An application stopped responding.
Warning,2026-05-24 12:31:00,Microsoft-Windows-DistributedCOM,10010,None,A device reported a recoverable condition.
Information,2026-05-24 13:07:00,Microsoft-Windows-WindowsUpdateClient,20,None,The update operation completed.
Information,2026-05-24 13:14:00,Service Control Manager,7040,None,The operation completed successfully.
Information,2026-05-24 13:19:00,Microsoft-Windows-DistributedCOM,10016,None,A user session was started.
Warning,2026-05-24 13:23:00,Application Error,1000,None,A service took longer than expected to respond.
Information,2026-05-24 13:33:00,Service Control Manager,7040,None,A user session was started.
Warning,2026-05-24 14:15:00,Microsoft-Windows-DistributedCOM,10016,None,The application-specific permission settings do not grant Local Activation permission.
Warning,2026-05-24 14:17:00,Winlogon,6006,None,A service took longer than expected to respond.
Warning,2026-05-24 14:52:00,Service Control Manager,7000,None,A service took longer than expected to respond.
Information,2026-05-24 15:08:00,Microsoft-Windows-DriverFrameworks-UserMode,10111,None,The operation completed successfully.
Information,2026-05-24 16:01:00,Microsoft-Windows-Security-Auditing,4624,None,A Windows service changed state.
Information,2026-05-24 16:08:00,Microsoft-Windows-WindowsUpdateClient,19,None,A user session was started.
Information,2026-05-24 17:31:00,Microsoft-Windows-DistributedCOM,10016,None,The operation completed successfully.
Information,2026-05-24 18:07:00,Service Control Manager,7000,None,The update operation completed.
Information,2026-05-24 18:23:00,Microsoft-Windows-DistributedCOM,10016,None,The update operation completed.
Error,2026-05-24 18:32:00,Service Control Manager,7031,None,A user logon attempt failed.
Warning,2026-05-24 19:04:00,Microsoft-Windows-Kernel-Power,41,None,A device reported a recoverable condition.
Information,2026-05-24 19:07:00,Microsoft-Windows-DistributedCOM,10016,None,A user session was started.
Information,2026-05-24 20:54:00,Service Control Manager,7031,None,A Windows service changed state.
Information,2026-05-24 21:44:00,Microsoft-Windows-DriverFrameworks-UserMode,10111,None,A user session was started.
Warning,2026-05-24 21:48:00,Application Error,1001,None,A device reported a recoverable condition.
Warning,2026-05-24 22:21:00,Service Control Manager,7000,None,A device reported a recoverable condition.
Information,2026-05-24 23:40:00,Service Control Manager,7001,None,The update operation completed.
Warning,2026-05-25 00:19:00,Microsoft-Windows-DistributedCOM,10010,None,A device reported a recoverable condition.
Information,2026-05-25 00:47:00,Microsoft-Windows-Security-Auditing,4634,None,A user session was started.
Information,2026-05-25 00:51:00,Microsoft-Windows-DistributedCOM,10016,None,A user session was started.
Warning,2026-05-25 01:05:00,Service Control Manager,7000,None,A service took longer than expected to respond.
Warning,2026-05-25 01:25:00,Microsoft-Windows-DistributedCOM,10016,None,A service took longer than expected to respond.
Warning,2026-05-25 01:58:00,Microsoft-Windows-DriverFrameworks-UserMode,10110,None,A device reported a recoverable condition.
Information,2026-05-25 02:39:00,Winlogon,6006,None,A Windows service changed state.
Information,2026-05-25 02:50:00,Microsoft-Windows-DriverFrameworks-UserMode,10110,None,The operation completed successfully.
Error,2026-05-25 03:04:00,Microsoft-Windows-WindowsUpdateClient,19,None,An application stopped responding.
Warning,2026-05-25 03:46:00,Microsoft-Windows-WindowsUpdateClient,43,None,The application-specific permission settings do not grant Local Activation permission.
Information,2026-05-25 04:45:00,Microsoft-Windows-WindowsUpdateClient,19,None,The update operation completed.
Warning,2026-05-25 05:28:00,Microsoft-Windows-Security-Auditing,4625,None,A device reported a recoverable condition.
Information,2026-05-25 06:21:00,Winlogon,6006,None,The operation completed successfully.
Information,2026-05-25 07:01:00,Winlogon,6005,None,The operation completed successfully.
Information,2026-05-25 09:27:00,Service Control Manager,7031,None,The operation completed successfully.
Error,2026-05-25 09:43:00,Microsoft-Windows-DistributedCOM,10010,None,An update could not be installed.
Information,2026-05-25 09:44:00,Microsoft-Windows-WindowsUpdateClient,43,None,A user session was started.
Warning,2026-05-25 10:16:00,Microsoft-Windows-WindowsUpdateClient,43,None,The application-specific permission settings do not grant Local Activation permission.
Warning,2026-05-25 10:55:00,Microsoft-Windows-DistributedCOM,10010,None,The application-specific permission settings do not grant Local Activation permission.
Information,2026-05-25 11:52:00,Microsoft-Windows-DriverFrameworks-UserMode,10111,None,A Windows service changed state.
Information,2026-05-25 12:36:00,Microsoft-Windows-WindowsUpdateClient,31,None,The update operation completed.
Information,2026-05-25 12:55:00,Application Error,1000,None,A Windows service changed state.
Information,2026-05-25 13:44:00,Microsoft-Windows-Security-Auditing,4624,None,A user session was started.
Error,2026-05-25 13:49:00,Winlogon,6005,None,A user logon attempt failed.
Error,2026-05-25 13:51:00,Microsoft-Windows-DistributedCOM,10010,None,An application stopped responding.
Information,2026-05-25 13:56:00,Microsoft-Windows-WindowsUpdateClient,43,None,The update operation completed.
Information,2026-05-25 14:23:00,Microsoft-Windows-DistributedCOM,10016,None,A Windows service changed state.
Information,2026-05-25 14:46:00,Microsoft-Windows-Security-Auditing,4624,None,The operation completed successfully.
Information,2026-05-25 16:06:00,Microsoft-Windows-Security-Auditing,4634,None,The operation completed successfully.
Information,2026-05-25 19:00:00,Microsoft-Windows-DriverFrameworks-UserMode,10110,None,A user session was started.
Critical,2026-05-25 19:07:00,Microsoft-Windows-DistributedCOM,10010,None,The system rebooted without cleanly shutting down first.
Information,2026-05-25 20:22:00,Microsoft-Windows-WindowsUpdateClient,31,None,A Windows service changed state.
Information,2026-05-25 20:54:00,Service Control Manager,7000,None,The update operation completed.
Information,2026-05-25 21:47:00,Microsoft-Windows-DriverFrameworks-UserMode,10110,None,A user session was started.
Information,2026-05-25 23:01:00,Microsoft-Windows-DistributedCOM,10016,None,The update operation completed.
Warning,2026-05-25 23:34:00,Microsoft-Windows-DistributedCOM,10010,None,A device reported a recoverable condition.
Information,2026-05-25 23:44:00,Microsoft-Windows-Security-Auditing,4624,None,A Windows service changed state.
Error,2026-05-26 00:19:00,Microsoft-Windows-DistributedCOM,10016,None,A service terminated unexpectedly.
Information,2026-05-26 00:42:00,Microsoft-Windows-DriverFrameworks-UserMode,10111,None,The update operation completed.
Error,2026-05-26 00:47:00,Microsoft-Windows-WindowsUpdateClient,31,None,An application stopped responding.
Information,2026-05-26 01:14:00,Microsoft-Windows-DriverFrameworks-UserMode,10111,None,A user session was started.
Error,2026-05-26 02:02:00,Service Control Manager,7031,None,A service terminated unexpectedly.
Information,2026-05-26 02:21:00,Microsoft-Windows-Security-Auditing,4634,None,The update operation completed.
Error,2026-05-26 02:29:00,Microsoft-Windows-Kernel-Power,41,None,An update could not be installed.
Information,2026-05-26 03:20:00,Service Control Manager,7031,None,A user session was started.
Error,2026-05-26 03:52:00,Microsoft-Windows-DistributedCOM,10010,None,A user logon attempt failed.
Error,2026-05-26 04:03:00,Microsoft-Windows-WindowsUpdateClient,19,None,A service terminated unexpectedly.
Information,2026-05-26 04:10:00,Service Control Manager,7001,None,A user session was started.
Warning,2026-05-26 05:52:00,Microsoft-Windows-DistributedCOM,10010,None,The application-specific permission settings do not grant Local Activation permission.
Error,2026-05-26 06:00:00,Microsoft-Windows-DistributedCOM,10016,None,A user logon attempt failed.
Information,2026-05-26 06:01:00,Microsoft-Windows-DistributedCOM,10016,None,A user session was started.
Information,2026-05-26 06:12:00,Microsoft-Windows-Security-Auditing,4634,None,The update operation completed.
Information,2026-05-26 06:22:00,Service Control Manager,7000,None,A user session was started.
Information,2026-05-26 06:45:00,Microsoft-Windows-DistributedCOM,10016,None,The operation completed successfully.
Information,2026-05-26 07:26:00,Microsoft-Windows-Kernel-Power,41,None,A user session was started.
Warning,2026-05-26 07:31:00,Microsoft-Windows-DistributedCOM,10016,None,A device reported a recoverable condition.
Information,2026-05-26 07:57:00,Microsoft-Windows-DistributedCOM,10010,None,The operation completed successfully.
Information,2026-05-26 08:24:00,Microsoft-Windows-Security-Auditing,4624,None,The update operation completed.
Warning,2026-05-26 08:49:00,Microsoft-Windows-DistributedCOM,10016,None,A service took longer than expected to respond.
Error,2026-05-26 08:57:00,Microsoft-Windows-WindowsUpdateClient,19,None,An update could not be installed.
Information,2026-05-26 09:23:00,Service Control Manager,7040,None,The operation completed successfully.
Information,2026-05-26 09:54:00,Microsoft-Windows-WindowsUpdateClient,20,None,The update operation completed.
Warning,2026-05-26 10:17:00,Service Control Manager,7031,None,The application-specific permission settings do not grant Local Activation permission.
Information,2026-05-26 10:27:00,Microsoft-Windows-WindowsUpdateClient,19,None,A Windows service changed state.
Information,2026-05-26 11:08:00,Microsoft-Windows-Kernel-Power,109,None,A Windows service changed state.
