Warning,2026-05-26 11:11:00,Microsoft-Windows-WindowsUpdateClient,43,None,The application-specific permission settings do not grant Local Activation permission.
Information,2026-05-26 11:19:00,Microsoft-Windows-DistributedCOM,10010,None,A Windows service changed state.
Information,2026-05-26 12:04:00,Microsoft-Windows-DistributedCOM,10010,None,A user session was started.
Information,2026-05-26 12:11:00,Microsoft-Windows-DistributedCOM,10016,None,The update operation completed.
Error,2026-05-26 12:25:00,Microsoft-Windows-WindowsUpdateClient,31,None,A user logon attempt failed.
Warning,2026-05-26 13:58:00,Winlogon,6006,None,A device reported a recoverable condition.
Information,2026-05-26 14:00:00,Microsoft-Windows-WindowsUpdateClient,31,None,A Windows service changed state.
Information,2026-05-26 15:04:00,Microsoft-Windows-DistributedCOM,10010,None,A Windows service changed state.
Critical,2026-05-26 15:05:00,Microsoft-Windows-Kernel-Power,109,None,A critical system component stopped unexpectedly.
Information,2026-05-26 15:54:00,Winlogon,6006,None,The operation completed successfully.
Warning,2026-05-26 15:59:00,Microsoft-Windows-DistributedCOM,10016,None,A device reported a recoverable condition.
Critical,2026-05-26 16:50:00,Winlogon,6005,None,The system rebooted without cleanly shutting down first.
Information,2026-05-26 17:19:00,Microsoft-Windows-DistributedCOM,10016,None,A Windows service changed state.
Information,2026-05-26 17:49:00,Microsoft-Windows-DistributedCOM,10016,None,The update operation completed.
Information,2026-05-26 19:19:00,Microsoft-Windows-Kernel-Power,109,None,A user session was started.
Information,2026-05-26 19:38:00,Service Control Manager,7001,None,A Windows service changed state.
Information,2026-05-26 20:19:00,Service Control Manager,7040,None,A Windows service changed state.
Information,2026-05-26 23:03:00,Microsoft-Windows-WindowsUpdateClient,43,None,The update operation completed.
Information,2026-05-26 23:26:00,Microsoft-Windows-DistributedCOM,10010,None,A Windows service changed state.
Information,2026-05-26 23:49:00,Microsoft-Windows-DistributedCOM,10016,None,The update operation completed.
Warning,2026-05-26 23:50:00,Microsoft-Windows-WindowsUpdateClient,20,None,The application-specific permission settings do not grant Local Activation permission.
Information,2026-05-26 23:56:00,Microsoft-Windows-DistributedCOM,10010,None,A user session was started.
Information,2026-05-27 00:02:00,Microsoft-Windows-DriverFrameworks-UserMode,10111,None,A Windows service changed state.
Information,2026-05-27 00:33:00,Service Control Manager,7040,None,A user session was started.
Warning,2026-05-27 00:39:00,Microsoft-Windows-Security-Auditing,4625,None,The application-specific permission settings do not grant Local Activation permission.
Information,2026-05-27 00:45:00,Microsoft-Windows-DistributedCOM,10010,None,The operation completed successfully.
Information,2026-05-27 00:54:00,Microsoft-Windows-DistributedCOM,10010,None,The operation completed successfully.
Warning,2026-05-27 01:02:00,Microsoft-Windows-Kernel-Power,41,None,A device reported a recoverable condition.
Information,2026-05-27 01:04:00,Application Error,1001,None,The update operation completed.
Information,2026-05-27 01:30:00,Microsoft-Windows-Kernel-Power,41,None,A Windows service changed state.
Information,2026-05-27 02:17:00,Microsoft-Windows-Kernel-Power,41,None,The update operation completed.
Information,2026-05-27 02:53:00,Winlogon,6006,None,A Windows service changed state.
Warning,2026-05-27 02:53:00,Microsoft-Windows-Kernel-Power,109,None,A device reported a recoverable condition.
Information,2026-05-27 03:26:00,Microsoft-Windows-DistributedCOM,10010,None,A user session was started.
Information,2026-05-27 03:32:00,Microsoft-Windows-DistributedCOM,10016,None,The update operation completed.
Error,2026-05-27 04:02:00,Microsoft-Windows-Kernel-Power,109,None,A user logon attempt failed.
Warning,2026-05-27 04:11:00,Microsoft-Windows-DistributedCOM,10010,None,A device reported a recoverable condition.
Error,2026-05-27 04:17:00,Microsoft-Windows-DistributedCOM,10016,None,An update could not be installed.
Information,2026-05-27 05:03:00,Microsoft-Windows-WindowsUpdateClient,43,None,The operation completed successfully.
Information,2026-05-27 05:04:00,Microsoft-Windows-DistributedCOM,10016,None,A user session was started.
Information,2026-05-27 06:00:00,Microsoft-Windows-WindowsUpdateClient,43,None,The update operation completed.
Warning,2026-05-27 06:03:00,Service Control Manager,7000,None,The application-specific permission settings do not grant Local Activation permission.
Warning,2026-05-27 06:14:00,Microsoft-Windows-DistributedCOM,10010,None,A device reported a recoverable condition.
Warning,2026-05-27 06:44:00,Microsoft-Windows-DriverFrameworks-UserMode,10110,None,The application-specific permission settings do not grant Local Activation permission.
Information,2026-05-27 06:55:00,Microsoft-Windows-WindowsUpdateClient,19,None,The update operation completed.
Information,2026-05-27 07:30:00,Microsoft-Windows-DistributedCOM,10010,None,The update operation completed.
Information,2026-05-27 08:09:00,Microsoft-Windows-DistributedCOM,10010,None,A Windows service changed state.
Information,2026-05-27 08:15:00,Microsoft-Windows-WindowsUpdateClient,19,None,A Windows service changed state.
Information,2026-05-27 08:36:00,Application Error,1001,None,The operation completed successfully.
Information,2026-05-27 10:05:00,Microsoft-Windows-DistributedCOM,10010,None,The update operation completed.
Information,2026-05-27 10:07:00,Service Control Manager,7000,None,The operation completed successfully.
Information,2026-05-27 10:19:00,Winlogon,6005,None,A user session was started.
Error,2026-05-27 10:19:00,Microsoft-Windows-DistributedCOM,10010,None,A service terminated unexpectedly.
Information,2026-05-27 11:26:00,Microsoft-Windows-WindowsUpdateClient,20,None,The operation completed successfully.
Warning,2026-05-27 13:43:00,Service Control Manager,7040,None,A service took longer than expected to respond.
Information,2026-05-27 14:14:00,Microsoft-Windows-DistributedCOM,10010,None,The update operation completed.
Warning,2026-05-27 14:15:00,Winlogon,6005,None,A device reported a recoverable condition.
Information,2026-05-27 14:59:00,Service Control Manager,7001,None,A user session was started.
Information,2026-05-27 15:16:00,Microsoft-Windows-Security-Auditing,4624,None,The update operation completed.
Information,2026-05-27 15:32:00,Service Control Manager,7001,None,The update operation completed.
Information,2026-05-27 16:00:00,Microsoft-Windows-DistributedCOM,10010,None,The update operation completed.
Information,2026-05-27 16:38:00,Microsoft-Windows-DistributedCOM,10010,None,The update operation completed.
Information,2026-05-27 16:51:00,Microsoft-Windows-DistributedCOM,10016,None,The operation completed successfully.
Information,2026-05-27 17:42:00,Winlogon,6006,None,A Windows service changed state.
Warning,2026-05-27 18:13:00,Winlogon,6005,None,The application-specific permission settings do not grant Local Activation permission.
Warning,2026-05-27 18:23:00,Microsoft-Windows-DistributedCOM,10010,None,A service took longer than expected to respond.
Information,2026-05-27 18:25:00,Microsoft-Windows-DistributedCOM,10010,None,A Windows service changed state.
Information,2026-05-27 18:27:00,Winlogon,6006,None,The update operation completed.
Information,2026-05-27 20:13:00,Microsoft-Windows-Kernel-Power,41,None,A user session was started.
Warning,2026-05-27 21:24:00,Microsoft-Windows-Kernel-Power,109,None,The application-specific permission settings do not grant Local Activation permission.
Warning,2026-05-27 22:08:00,Microsoft-Windows-WindowsUpdateClient,43,None,A device reported a recoverable condition.
Information,2026-05-27 22:10:00,Microsoft-Windows-WindowsUpdateClient,19,None,A Windows service changed state.
Error,2026-05-27 22:11:00,Microsoft-Windows-DriverFrameworks-UserMode,10110,None,A service terminated unexpectedly.
Information,2026-05-27 22:44:00,Microsoft-Windows-WindowsUpdateClient,19,None,The operation completed successfully.
Information,2026-05-27 23:08:00,Microsoft-Windows-Security-Auditing,4624,None,The operation completed successfully.
Information,2026-05-27 23:23:00,Microsoft-Windows-DistributedCOM,10016,None,A Windows service changed state.
Information,2026-05-27 23:30:00,Microsoft-Windows-WindowsUpdateClient,19,None,A user session was started.
Error,2026-05-27 23:55:00,Microsoft-Windows-DistributedCOM,10010,None,An update could not be installed.
Information,2026-05-28 00:19:00,Service Control Manager,7031,None,A user session was started.
Information,2026-05-28 01:23:00,Microsoft-Windows-WindowsUpdateClient,19,None,The update operation completed.
Information,2026-05-28 01:53:00,Winlogon,6005,None,A user session was started.
Information,2026-05-28 02:02:00,Service Control Manager,7000,None,The update operation completed.
Error,2026-05-28 02:52:00,Microsoft-Windows-DistributedCOM,10010,None,An update could not be installed.
Information,2026-05-28 03:12:00,Microsoft-Windows-DistributedCOM,10016,None,A user session was started.
Information,2026-05-28 03:19:00,Microsoft-Windows-DistributedCOM,10016,None,The update operation completed.
Information,2026-05-28 03:30:00,Microsoft-Windows-WindowsUpdateClient,19,None,A Windows service changed state.
Warning,2026-05-28 03:53:00,Microsoft-Windows-Security-Auditing,4625,None,A device reported a recoverable condition.
Information,2026-05-28 04:37:00,Microsoft-Windows-Security-Auditing,4624,None,A user session was started.
Information,2026-05-28 04:46:00,Microsoft-Windows-DistributedCOM,10016,None,A Windows service changed state.
Information,2026-05-28 05:08:00,Microsoft-Windows-Security-Auditing,4634,None,The update operation completed.
Warning,2026-05-28 05:36:00,Microsoft-Windows-DistributedCOM,10010,None,A service took longer than expected to respond.
Information,2026-05-28 06:09:00,Microsoft-Windows-DistributedCOM,10010,None,The operation completed successfully.
Error,2026-05-28 06:49:00,Microsoft-Windows-DistributedCOM,10016,None,A user logon attempt failed.
Error,2026-05-28 06:53:00,Service Control Manager,7031,None,An update could not be installed.
Warning,2026-05-28 06:54:00,Microsoft-Windows-DistributedCOM,10016,None,A device reported a recoverable condition.
Warning,2026-05-28 07:13:00,Microsoft-Windows-DistributedCOM,10016,None,A device reported a recoverable condition.
Warning,2026-05-28 07:36:00,Service Control Manager,7031,None,A service took longer than expected to respond.
Information,2026-05-28 08:08:00,Microsoft-Windows-DistributedCOM,10010,None,The update operation completed.
Information,2026-05-28 09:22:00,Microsoft-Windows-WindowsUpdateClient,19,None,The operation completed successfully.
Information,2026-05-28 09:37:00,Microsoft-Windows-Security-Auditing,4624,None,The update operation completed.
Warning,2026-05-28 10:27:00,Application Error,1000,None,A device reported a recoverable condition.
Information,2026-05-28 11:16:00,Service Control Manager,7031,None,The operation completed successfully.
Information,2026-05-28 11:35:00,Microsoft-Windows-WindowsUpdateClient,20,None,The operation completed successfully.
Warning,2026-05-28 11:46:00,Microsoft-Windows-DistributedCOM,10010,None,The application-specific permission settings do not grant Local Activation permission.
Information,2026-05-28 12:12:00,Microsoft-Windows-DistributedCOM,10010,None,The operation completed successfully.
Information,2026-05-28 12:23:00,Microsoft-Windows-DistributedCOM,10016,None,The update operation completed.
Information,2026-05-28 12:23:00,Microsoft-Windows-Security-Auditing,4634,None,A user session was started.
Error,2026-05-28 13:32:00,Microsoft-Windows-DistributedCOM,10016,None,An application stopped responding.
Warning,2026-05-28 13:58:00,Application Error,1001,None,A service took longer than expected to respond.
Information,2026-05-28 14:01:00,Microsoft-Windows-DistributedCOM,10016,None,A user session was started.
Information,2026-05-28 15:09:00,Microsoft-Windows-DistributedCOM,10010,None,A Windows service changed state.
Information,2026-05-28 16:01:00,Microsoft-Windows-Kernel-Power,109,None,A user session was started.
Information,2026-05-28 16:46:00,Microsoft-Windows-WindowsUpdateClient,31,None,A Windows service changed state.
Warning,2026-05-28 17:26:00,Microsoft-Windows-DistributedCOM,10010,None,A device reported a recoverable condition.
Information,2026-05-28 17:50:00,Application Error,1000,None,The update operation completed.
Information,2026-05-28 18:22:00,Service Control Manager,7031,None,A Windows service changed state.
Error,2026-05-28 18:25:00,Microsoft-Windows-DistributedCOM,10010,None,An application stopped responding.
Information,2026-05-28 21:44:00,Microsoft-Windows-DistributedCOM,10016,None,The update operation completed.
Information,2026-05-28 21:54:00,Microsoft-Windows-DistributedCOM,10010,None,A user session was started.
Information,2026-05-28 22:30:00,Microsoft-Windows-DistributedCOM,10010,None,The operation completed successfully.
Warning,2026-05-28 22:56:00,Winlogon,6006,None,A service took longer than expected to respond.
Information,2026-05-29 00:09:00,Service Control Manager,7040,None,The operation completed successfully.
Information,2026-05-29 00:09:00,Microsoft-Windows-Security-Auditing,4624,None,A Windows service changed state.
Warning,2026-05-29 00:12:00,Microsoft-Windows-WindowsUpdateClient,20,None,The application-specific permission settings do not grant Local Activation permission.
Warning,2026-05-29 01:11:00,Service Control Manager,7001,None,A device reported a recoverable condition.
Warning,2026-05-29 02:34:00,Application Error,1001,None,A service took longer than expected to respond.
Information,2026-05-29 03:05:00,Microsoft-Windows-DistributedCOM,10010,None,A user session was started.
Information,2026-05-29 04:16:00,Microsoft-Windows-DistributedCOM,10016,None,A user session was started.
Information,2026-05-29 04:28:00,Microsoft-Windows-WindowsUpdateClient,31,None,A user session was started.
Error,2026-05-29 04:32:00,Microsoft-Windows-WindowsUpdateClient,20,None,An update could not be installed.
Information,2026-05-29 04:44:00,Microsoft-Windows-DistributedCOM,10016,None,A Windows service changed state.
Information,2026-05-29 05:10:00,Microsoft-Windows-WindowsUpdateClient,31,None,A Windows service changed state.
Warning,2026-05-29 07:21:00,Microsoft-Windows-DistributedCOM,10010,None,A service took longer than expected to respond.
Information,2026-05-29 07:46:00,Microsoft-Windows-DistributedCOM,10010,None,A user session was started.
Error,2026-05-29 08:01:00,Service Control Manager,7040,None,An update could not be installed.
Information,2026-05-29 08:25:00,Service Control Manager,7001,None,A user session was started.
Information,2026-05-29 09:01:00,Microsoft-Windows-DistributedCOM,10016,None,The operation completed successfully.
Warning,2026-05-29 09:05:00,Winlogon,6006,None,The application-specific permission settings do not grant Local Activation permission.
Warning,2026-05-29 09:19:00,Application Error,1001,None,A device reported a recoverable condition.
Warning,2026-05-29 10:34:00,Service Control Manager,7031,None,The application-specific permission settings do not grant Local Activation permission.
Information,2026-05-29 11:02:00,Microsoft-Windows-DistributedCOM,10016,None,A user session was started.
Information,2026-05-29 11:13:00,Microsoft-Windows-DistributedCOM,10016,None,A Windows service changed state.
Warning,2026-05-29 11:21:00,Microsoft-Windows-DriverFrameworks-UserMode,10111,None,A service took longer than expected to respond.
Information,2026-05-29 11:32:00,Microsoft-Windows-WindowsUpdateClient,31,None,A user session was started.
Warning,2026-05-29 11:46:00,Microsoft-Windows-Kernel-Power,41,None,A service took longer than expected to respond.
Information,2026-05-29 12:12:00,Microsoft-Windows-DistributedCOM,10010,None,A user session was started.
Information,2026-05-29 12:57:00,Microsoft-Windows-DistributedCOM,10010,None,A Windows service changed state.
Error,2026-05-29 13:39:00,Microsoft-Windows-DistributedCOM,10010,None,An application stopped responding.
Information,2026-05-29 14:06:00,Microsoft-Windows-WindowsUpdateClient,20,None,A Windows service changed state.
Warning,2026-05-29 14:40:00,Microsoft-Windows-DriverFrameworks-UserMode,10110,None,The application-specific permission settings do not grant Local Activation permission.
Warning,2026-05-29 14:55:00,Microsoft-Windows-DistributedCOM,10010,None,The application-specific permission settings do not grant Local Activation permission.
Information,2026-05-29 15:00:00,Microsoft-Windows-DistributedCOM,10016,None,The update operation completed.
Information,2026-05-29 15:05:00,Microsoft-Windows-DistributedCOM,10016,None,A user session was started.
Warning,2026-05-29 15:07:00,Winlogon,6006,None,A device reported a recoverable condition.
Information,2026-05-29 15:38:00,Microsoft-Windows-DriverFrameworks-UserMode,10111,None,The operation completed successfully.
Information,2026-05-29 16:08:00,Microsoft-Windows-DistributedCOM,10010,None,A user session was started.
Information,2026-05-29 17:02:00,Microsoft-Windows-WindowsUpdateClient,43,None,A user session was started.
Information,2026-05-29 17:08:00,Microsoft-Windows-WindowsUpdateClient,19,None,A Windows service changed state.
Information,2026-05-29 18:24:00,Microsoft-Windows-Security-Auditing,4624,None,The update operation completed.
Information,2026-05-29 18:25:00,Winlogon,6006,None,A Windows service changed state.
Error,2026-05-29 18:25:00,Microsoft-Windows-DistributedCOM,10016,None,A user logon attempt failed.
Information,2026-05-29 18:35:00,Microsoft-Windows-Kernel-Power,41,None,The operation completed successfully.
Critical,2026-05-29 18:46:00,Application Error,1001,None,The system rebooted without cleanly shutting down first.
Information,2026-05-29 19:03:00,Microsoft-Windows-DistributedCOM,10016,None,The operation completed successfully.
Information,2026-05-29 19:22:00,Application Error,1001,None,The update operation completed.
Warning,2026-05-29 19:27:00,Microsoft-Windows-DistributedCOM,10010,None,The application-specific permission settings do not grant Local Activation permission.
Warning,2026-05-29 20:41:00,Microsoft-Windows-DistributedCOM,10010,None,The application-specific permission settings do not grant Local Activation permission.
Information,2026-05-29 20:43:00,Service Control Manager,7031,None,The update operation completed.
Information,2026-05-29 20:56:00,Microsoft-Windows-DistributedCOM,10010,None,A Windows service changed state.
Information,2026-05-29 20:58:00,Microsoft-Windows-DistributedCOM,10016,None,A user session was started.
Information,2026-05-29 21:12:00,Microsoft-Windows-WindowsUpdateClient,20,None,The operation completed successfully.
Information,2026-05-29 21:26:00,Microsoft-Windows-Security-Auditing,4624,None,A Windows service changed state.
Error,2026-05-29 22:12:00,Microsoft-Windows-DistributedCOM,10010,None,A user logon attempt failed.
Critical,2026-05-29 22:15:00,Service Control Manager,7031,None,The system rebooted without cleanly shutting down first.
Warning,2026-05-29 22:22:00,Service Control Manager,7001,None,A service took longer than expected to respond.
Information,2026-05-29 22:28:00,Application Error,1000,None,The operation completed successfully.
Information,2026-05-29 23:30:00,Microsoft-Windows-DistributedCOM,10016,None,A user session was started.
Information,2026-05-29 23:35:00,Microsoft-Windows-DistributedCOM,10016,None,A user session was started.
Information,2026-05-29 23:38:00,Microsoft-Windows-WindowsUpdateClient,43,None,The operation completed successfully.
Information,2026-05-29 23:40:00,Microsoft-Windows-Security-Auditing,4624,None,A user session was started.
Information,2026-05-29 23:57:00,Microsoft-Windows-Security-Auditing,4624,None,The operation completed successfully.
Information,2026-05-30 00:20:00,Service Control Manager,7001,None,A Windows service changed state.
Information,2026-05-30 01:32:00,Microsoft-Windows-DistributedCOM,10016,None,The operation completed successfully.
Information,2026-05-30 01:34:00,Microsoft-Windows-Security-Auditing,4624,None,The update operation completed.
Information,2026-05-30 01:51:00,Microsoft-Windows-DistributedCOM,10010,None,The update operation completed.
Information,2026-05-30 03:08:00,Microsoft-Windows-WindowsUpdateClient,20,None,A user session was started.
Warning,2026-05-30 03:23:00,Microsoft-Windows-DistributedCOM,10010,None,A service took longer than expected to respond.
Information,2026-05-30 04:46:00,Service Control Manager,7031,None,A user session was started.
Information,2026-05-30 05:01:00,Application Error,1001,None,A user session was started.
Information,2026-05-30 05:38:00,Microsoft-Windows-DistributedCOM,10016,None,A user session was started.
Information,2026-05-30 05:44:00,Microsoft-Windows-WindowsUpdateClient,20,None,The update operation completed.
Warning,2026-05-30 05:51:00,Microsoft-Windows-DistributedCOM,10016,None,A device reported a recoverable condition.
Warning,2026-05-30 05:55:00,Application Error,1000,None,A service took longer than expected to respond.
Warning,2026-05-30 06:04:00,Microsoft-Windows-DistributedCOM,10010,None,A device reported a recoverable condition.
Information,2026-05-30 06:12:00,Microsoft-Windows-Kernel-Power,41,None,A user session was started.
Information,2026-05-30 06:13:00,Microsoft-Windows-DistributedCOM,10010,None,A user session was started.
Information,2026-05-30 06:40:00,Microsoft-Windows-DistributedCOM,10016,None,The update operation completed.
Information,2026-05-30 07:05:00,Microsoft-Windows-DriverFrameworks-UserMode,10110,None,A user session was started.
Warning,2026-05-30 07:21:00,Microsoft-Windows-DistributedCOM,10010,None,A device reported a recoverable condition.
Warning,2026-05-30 07:44:00,Service Control Manager,7000,None,The application-specific permission settings do not grant Local Activation permission.
Information,2026-05-30 07:51:00,Microsoft-Windows-Kernel-Power,41,None,The operation completed successfully.
Information,2026-05-30 08:42:00,Microsoft-Windows-DistributedCOM,10010,None,A Windows service changed state.
Error,2026-05-30 08:58:00,Microsoft-Windows-DistributedCOM,10016,None,A service terminated unexpectedly.
Information,2026-05-30 09:19:00,Microsoft-Windows-WindowsUpdateClient,43,None,A user session was started.
Error,2026-05-30 09:40:00,Microsoft-Windows-WindowsUpdateClient,20,None,An application stopped responding.
Warning,2026-05-30 10:20:00,Microsoft-Windows-DistributedCOM,10016,None,A device reported a recoverable condition.
Information,2026-05-30 10:26:00,Microsoft-Windows-Security-Auditing,4634,None,A Windows service changed state.
Warning,2026-05-30 10:36:00,Microsoft-Windows-DistributedCOM,10016,None,A service took longer than expected to respond.
Information,2026-05-30 11:06:00,Microsoft-Windows-DistributedCOM,10010,None,The operation completed successfully.
Information,2026-05-30 11:27:00,Service Control Manager,7001,None,The operation completed successfully.
Warning,2026-05-30 12:11:00,Microsoft-Windows-DistributedCOM,10016,None,The application-specific permission settings do not grant Local Activation permission.
Information,2026-05-30 12:29:00,Microsoft-Windows-DistributedCOM,10010,None,The operation completed successfully.
Warning,2026-05-30 12:45:00,Microsoft-Windows-DriverFrameworks-UserMode,10110,None,A service took longer than expected to respond.
Information,2026-05-30 12:54:00,Service Control Manager,7031,None,The operation completed successfully.
Warning,2026-05-30 13:02:00,Microsoft-Windows-DistributedCOM,10010,None,A device reported a recoverable condition.
Information,2026-05-30 13:05:00,Microsoft-Windows-DistributedCOM,10010,None,A user session was started.
Warning,2026-05-30 14:03:00,Microsoft-Windows-DistributedCOM,10016,None,A service took longer than expected to respond.
Information,2026-05-30 14:15:00,Microsoft-Windows-DistributedCOM,10016,None,A Windows service changed state.
Information,2026-05-30 14:54:00,Microsoft-Windows-WindowsUpdateClient,20,None,A user session was started.
Information,2026-05-30 15:10:00,Microsoft-Windows-WindowsUpdateClient,19,None,The operation completed successfully.
Error,2026-05-30 16:39:00,Microsoft-Windows-WindowsUpdateClient,20,None,An update could not be installed.
Warning,2026-05-30 16:57:00,Microsoft-Windows-DistributedCOM,10010,None,A device reported a recoverable condition.
Warning,2026-05-30 17:23:00,Service Control Manager,7031,None,A device reported a recoverable condition.
Information,2026-05-30 17:48:00,Microsoft-Windows-DriverFrameworks-UserMode,10111,None,The update operation completed.
Warning,2026-05-30 17:54:00,Service Control Manager,7040,None,A device reported a recoverable condition.
Information,2026-05-30 18:13:00,Microsoft-Windows-DistributedCOM,10010,None,The operation completed successfully.
Information,2026-05-30 18:33:00,Microsoft-Windows-Kernel-Power,41,None,The update operation completed.
Information,2026-05-30 19:46:00,Microsoft-Windows-DistributedCOM,10016,None,The operation completed successfully.
Information,2026-05-30 20:41:00,Microsoft-Windows-DistributedCOM,10016,None,The operation completed successfully.
Error,2026-05-30 21:03:00,Microsoft-Windows-WindowsUpdateClient,19,None,An update could not be installed.
Information,2026-05-30 21:25:00,Microsoft-Windows-Kernel-Power,109,None,A user session was started.
Error,2026-05-30 21:58:00,Microsoft-Windows-DistributedCOM,10010,None,An update could not be installed.
Warning,2026-05-30 23:42:00,Microsoft-Windows-DistributedCOM,10010,None,A service took longer than expected to respond.
Warning,2026-05-31 00:12:00,Microsoft-Windows-DistributedCOM,10016,None,The application-specific permission settings do not grant Local Activation permission.
Information,2026-05-31 00:23:00,Microsoft-Windows-Security-Auditing,4634,None,A user session was started.
Information,2026-05-31 00:46:00,Microsoft-Windows-WindowsUpdateClient,19,None,A Windows service changed state.
Error,2026-05-31 01:16:00,Microsoft-Windows-WindowsUpdateClient,43,None,A service terminated unexpectedly.
Error,2026-05-31 01:16:00,Microsoft-Windows-WindowsUpdateClient,43,None,An application stopped responding.
Information,2026-05-31 01:20:00,Microsoft-Windows-DriverFrameworks-UserMode,10110,None,A user session was started.
Error,2026-05-31 01:39:00,Application Error,1001,None,An application stopped responding.
Information,2026-05-31 01:39:00,Service Control Manager,7000,None,The update operation completed.
Warning,2026-05-31 02:05:00,Winlogon,6005,None,A device reported a recoverable condition.
Information,2026-05-31 02:14:00,Service Control Manager,7031,None,A Windows service changed state.
Information,2026-05-31 02:34:00,Microsoft-Windows-Kernel-Power,109,None,A Windows service changed state.
Information,2026-05-31 02:43:00,Microsoft-Windows-DistributedCOM,10016,None,A user session was started.
Information,2026-05-31 02:56:00,Microsoft-Windows-DistributedCOM,10016,None,The operation completed successfully.
Information,2026-05-31 03:00:00,Microsoft-Windows-WindowsUpdateClient,20,None,A Windows service changed state.
Information,2026-05-31 03:24:00,Microsoft-Windows-Security-Auditing,4634,None,The update operation completed.
Information,2026-05-31 03:40:00,Application Error,1000,None,A Windows service changed state.
Information,2026-05-31 03:56:00,Service Control Manager,7040,None,The operation completed successfully.
Information,2026-05-31 04:02:00,Microsoft-Windows-Security-Auditing,4624,None,The operation completed successfully.
Warning,2026-05-31 04:13:00,Microsoft-Windows-DriverFrameworks-UserMode,10110,None,The application-specific permission settings do not grant Local Activation permission.
Information,2026-05-31 04:53:00,Microsoft-Windows-WindowsUpdateClient,31,None,A Windows service changed state.
Warning,2026-05-31 04:56:00,Application Error,1001,None,The application-specific permission settings do not grant Local Activation permission.
Information,2026-05-31 05:32:00,Winlogon,6005,None,The update operation completed.
Warning,2026-05-31 06:04:00,Microsoft-Windows-DistributedCOM,10016,None,A service took longer than expected to respond.
Error,2026-05-31 06:38:00,Microsoft-Windows-DistributedCOM,10016,None,A user logon attempt failed.
Warning,2026-05-31 06:53:00,Microsoft-Windows-DistributedCOM,10010,None,A device reported a recoverable condition.
Information,2026-05-31 07:03:00,Microsoft-Windows-DistributedCOM,10010,None,The operation completed successfully.
Information,2026-05-31 08:50:00,Microsoft-Windows-DriverFrameworks-UserMode,10110,None,A Windows service changed state.
Warning,2026-05-31 09:43:00,Microsoft-Windows-DistributedCOM,10016,None,The application-specific permission settings do not grant Local Activation permission.
Information,2026-05-31 09:57:00,Microsoft-Windows-DistributedCOM,10010,None,The update operation completed.
Error,2026-05-31 10:43:00,Microsoft-Windows-DistributedCOM,10016,None,A user logon attempt failed.
Information,2026-05-31 10:47:00,Application Error,1000,None,A user session was started.
Warning,2026-05-31 11:11:00,Microsoft-Windows-WindowsUpdateClient,43,None,A device reported a recoverable condition.
Information,2026-05-31 11:46:00,Service Control Manager,7040,None,A Windows service changed state.
Information,2026-05-31 12:08:00,Microsoft-Windows-DistributedCOM,10010,None,The update operation completed.
Information,2026-05-31 12:17:00,Microsoft-Windows-Security-Auditing,4624,None,A user session was started.
Information,2026-05-31 12:25:00,Microsoft-Windows-Security-Auditing,4624,None,The operation completed successfully.
Information,2026-05-31 12:36:00,Microsoft-Windows-DistributedCOM,10010,None,A Windows service changed state.
Warning,2026-05-31 14:12:00,Winlogon,6006,None,A device reported a recoverable condition.
Information,2026-05-31 14:22:00,Microsoft-Windows-DistributedCOM,10010,None,A user session was started.
Information,2026-05-31 14:34:00,Service Control Manager,7000,None,A Windows service changed state.
Error,2026-05-31 14:53:00,Microsoft-Windows-Kernel-Power,109,None,A service terminated unexpectedly.
Information,2026-05-31 15:02:00,Microsoft-Windows-Security-Auditing,4624,None,The operation completed successfully.
Information,2026-05-31 15:29:00,Service Control Manager,7040,None,A Windows service changed state.
Error,2026-05-31 15:37:00,Microsoft-Windows-DistributedCOM,10010,None,A service terminated unexpectedly.
Information,2026-05-31 15:50:00,Microsoft-Windows-WindowsUpdateClient,31,None,A user session was started.
Error,2026-05-31 16:15:00,Microsoft-Windows-DistributedCOM,10010,None,An update could not be installed.
Error,2026-05-31 16:31:00,Application Error,1000,None,An update could not be installed.
Information,2026-05-31 16:56:00,Microsoft-Windows-DistributedCOM,10010,None,The operation completed successfully.
Information,2026-05-31 17:50:00,Service Control Manager,7031,None,A Windows service changed state.
Information,2026-05-31 18:08:00,Application Error,1000,None,The update operation completed.
Warning,2026-05-31 18:20:00,Microsoft-Windows-Security-Auditing,4625,None,The application-specific permission settings do not grant Local Activation permission.
Error,2026-05-31 18:26:00,Microsoft-Windows-DistributedCOM,10010,None,An update could not be installed.
Warning,2026-05-31 18:34:00,Microsoft-Windows-DistributedCOM,10016,None,The application-specific permission settings do not grant Local Activation permission.
Information,2026-05-31 18:55:00,Microsoft-Windows-DistributedCOM,10010,None,A user session was started.
Information,2026-05-31 19:34:00,Application Error,1001,None,A Windows service changed state.
Critical,2026-05-31 20:21:00,Winlogon,6005,None,The system rebooted without cleanly shutting down first.
Information,2026-05-31 21:02:00,Microsoft-Windows-DistributedCOM,10010,None,The operation completed successfully.
Information,2026-05-31 22:41:00,Microsoft-Windows-Security-Auditing,4624,None,A Windows service changed state.
Information,2026-05-31 23:45:00,Service Control Manager,7040,None,The update operation completed.
Warning,2026-05-31 23:57:00,Application Error,1001,None,A service took longer than expected to respond.
Information,2026-06-01 00:19:00,Service Control Manager,7040,None,The update operation completed.
Information,2026-06-01 00:22:00,Microsoft-Windows-Security-Auditing,4624,None,The update operation completed.
Information,2026-06-01 01:34:00,Service Control Manager,7031,None,The operation completed successfully.
Information,2026-06-01 01:54:00,Microsoft-Windows-DistributedCOM,10016,None,The operation completed successfully.
Warning,2026-06-01 01:56:00,Microsoft-Windows-DistributedCOM,10016,None,A device reported a recoverable condition.
Information,2026-06-01 02:40:00,Microsoft-Windows-Kernel-Power,109,None,The operation completed successfully.
Warning,2026-06-01 04:40:00,Microsoft-Windows-DistributedCOM,10016,None,A service took longer than expected to respond.
Information,2026-06-01 04:45:00,Microsoft-Windows-DistributedCOM,10016,None,The update operation completed.
Warning,2026-06-01 05:18:00,Application Error,1001,None,A device reported a recoverable condition.
Information,2026-06-01 05:30:00,Microsoft-Windows-DistributedCOM,10016,None,A Windows service changed state.
Information,2026-06-01 05:55:00,Microsoft-Windows-DistributedCOM,10016,None,The operation completed successfully.
Warning,2026-06-01 06:28:00,Microsoft-Windows-WindowsUpdateClient,43,None,The application-specific permission settings do not grant Local Activation permission.
Information,2026-06-01 06:42:00,Microsoft-Windows-WindowsUpdateClient,19,None,A Windows service changed state.
Warning,2026-06-01 06:49:00,Microsoft-Windows-DistributedCOM,10016,None,A service took longer than expected to respond.
Information,2026-06-01 07:37:00,Microsoft-Windows-Security-Auditing,4624,None,The operation completed successfully.
Warning,2026-06-01 07:55:00,Microsoft-Windows-WindowsUpdateClient,19,None,A service took longer than expected to respond.
Warning,2026-06-01 09:06:00,Microsoft-Windows-WindowsUpdateClient,19,None,A device reported a recoverable condition.
Error,2026-06-01 09:09:00,Microsoft-Windows-DistributedCOM,10016,None,A user logon attempt failed.
Information,2026-06-01 09:25:00,Application Error,1000,None,A user session was started.
Information,2026-06-01 10:07:00,Microsoft-Windows-Security-Auditing,4624,None,A user session was started.
Information,2026-06-01 10:15:00,Microsoft-Windows-DistributedCOM,10010,None,A Windows service changed state.
Information,2026-06-01 11:04:00,Service Control Manager,7031,None,A Windows service changed state.
Information,2026-06-01 11:06:00,Service Control Manager,7001,None,The update operation completed.
Information,2026-06-01 11:08:00,Microsoft-Windows-DistributedCOM,10016,None,The update operation completed.
Information,2026-06-01 11:33:00,Microsoft-Windows-WindowsUpdateClient,31,None,The operation completed successfully.
Information,2026-06-01 13:17:00,Microsoft-Windows-DistributedCOM,10010,None,The update operation completed.
Warning,2026-06-01 13:20:00,Application Error,1000,None,The application-specific permission settings do not grant Local Activation permission.
Warning,2026-06-01 13:30:00,Microsoft-Windows-Kernel-Power,41,None,A service took longer than expected to respond.
Information,2026-06-01 13:50:00,Microsoft-Windows-DistributedCOM,10010,None,A Windows service changed state.
Warning,2026-06-01 13:51:00,Microsoft-Windows-Security-Auditing,4625,None,A device reported a recoverable condition.
Information,2026-06-01 14:00:00,Winlogon,6005,None,The operation completed successfully.
Warning,2026-06-01 14:33:00,Microsoft-Windows-WindowsUpdateClient,19,None,The application-specific permission settings do not grant Local Activation permission.
Information,2026-06-01 14:47:00,Microsoft-Windows-Security-Auditing,4634,None,The operation completed successfully.
Warning,2026-06-01 14:51:00,Microsoft-Windows-DriverFrameworks-UserMode,10110,None,A device reported a recoverable condition.
Warning,2026-06-01 15:06:00,Service Control Manager,7001,None,The application-specific permission settings do not grant Local Activation permission.
Warning,2026-06-01 15:46:00,Service Control Manager,7000,None,The application-specific permission settings do not grant Local Activation permission.
Error,2026-06-01 16:30:00,Microsoft-Windows-DistributedCOM,10010,None,A service terminated unexpectedly.
Warning,2026-06-01 18:24:00,Service Control Manager,7040,None,A device reported a recoverable condition.
Information,2026-06-01 18:30:00,Microsoft-Windows-DistributedCOM,10016,None,The update operation completed.
Warning,2026-06-01 18:30:00,Microsoft-Windows-DriverFrameworks-UserMode,10111,None,The application-specific permission settings do not grant Local Activation permission.
Information,2026-06-01 18:45:00,Service Control Manager,7001,None,A user session was started.
Warning,2026-06-01 18:47:00,Microsoft-Windows-DistributedCOM,10016,None,A service took longer than expected to respond.
Information,2026-06-01 18:48:00,Service Control Manager,7040,None,The operation completed successfully.
Information,2026-06-01 19:12:00,Microsoft-Windows-Security-Auditing,4634,None,The update operation completed.
Error,2026-06-01 19:33:00,Microsoft-Windows-DistributedCOM,10016,None,An application stopped responding.
Information,2026-06-01 19:37:00,Microsoft-Windows-DriverFrameworks-UserMode,10110,None,A Windows service changed state.
Warning,2026-06-01 21:20:00,Microsoft-Windows-WindowsUpdateClient,19,None,The application-specific permission settings do not grant Local Activation permission.
Information,2026-06-01 22:00:00,Winlogon,6006,None,A Windows service changed state.
Information,2026-06-01 22:31:00,Microsoft-Windows-DriverFrameworks-UserMode,10110,None,The update operation completed.
Information,2026-06-01 23:03:00,Service Control Manager,7040,None,The update operation completed.
Warning,2026-06-01 23:21:00,Microsoft-Windows-DistributedCOM,10016,None,A device reported a recoverable condition.
Information,2026-06-02 00:10:00,Microsoft-Windows-DistributedCOM,10016,None,A Windows service changed state.
Information,2026-06-02 00:11:00,Microsoft-Windows-WindowsUpdateClient,43,None,The update operation completed.
Information,2026-06-02 00:14:00,Microsoft-Windows-Security-Auditing,4624,None,The update operation completed.
Information,2026-06-02 01:36:00,Microsoft-Windows-Security-Auditing,4624,None,A user session was started.
Warning,2026-06-02 01:54:00,Service Control Manager,7000,None,A service took longer than expected to respond.
Information,2026-06-02 02:14:00,Microsoft-Windows-DriverFrameworks-UserMode,10110,None,The update operation completed.
Warning,2026-06-02 02:28:00,Microsoft-Windows-Kernel-Power,109,None,The application-specific permission settings do not grant Local Activation permission.
Error,2026-06-02 03:55:00,Service Control Manager,7040,None,An application stopped responding.
Information,2026-06-02 04:00:00,Service Control Manager,7001,None,A Windows service changed state.
Information,2026-06-02 04:01:00,Winlogon,6006,None,A Windows service changed state.
Information,2026-06-02 04:14:00,Service Control Manager,7040,None,A user session was started.
Information,2026-06-02 04:27:00,Microsoft-Windows-WindowsUpdateClient,20,None,A Windows service changed state.
Warning,2026-06-02 04:31:00,Service Control Manager,7000,None,A service took longer than expected to respond.
Information,2026-06-02 05:03:00,Service Control Manager,7040,None,The operation completed successfully.
Information,2026-06-02 05:39:00,Microsoft-Windows-Security-Auditing,4624,None,A user session was started.
Information,2026-06-02 06:04:00,Microsoft-Windows-Security-Auditing,4624,None,The update operation completed.
Information,2026-06-02 06:15:00,Microsoft-Windows-Security-Auditing,4624,None,The operation completed successfully.
Warning,2026-06-02 06:50:00,Microsoft-Windows-WindowsUpdateClient,31,None,The application-specific permission settings do not grant Local Activation permission.
Information,2026-06-02 07:00:00,Service Control Manager,7001,None,The update operation completed.
Information,2026-06-02 07:02:00,Microsoft-Windows-Kernel-Power,109,None,The update operation completed.
Information,2026-06-02 07:49:00,Application Error,1000,None,The update operation completed.
Information,2026-06-02 09:10:00,Service Control Manager,7031,None,The operation completed successfully.
Information,2026-06-02 10:00:00,Microsoft-Windows-DistributedCOM,10010,None,A Windows service changed state.
Information,2026-06-02 10:22:00,Microsoft-Windows-DistributedCOM,10010,None,A Windows service changed state.
Information,2026-06-02 11:11:00,Service Control Manager,7000,None,A Windows service changed state.
Information,2026-06-02 11:19:00,Microsoft-Windows-WindowsUpdateClient,20,None,A user session was started.
Critical,2026-06-02 11:55:00,Microsoft-Windows-DistributedCOM,10016,None,A critical system component stopped unexpectedly.
Information,2026-06-02 12:02:00,Microsoft-Windows-DriverFrameworks-UserMode,10110,None,A user session was started.
Information,2026-06-02 12:07:00,Winlogon,6005,None,A user session was started.
Warning,2026-06-02 12:40:00,Microsoft-Windows-Security-Auditing,4625,None,A device reported a recoverable condition.
Information,2026-06-02 13:14:00,Microsoft-Windows-Security-Auditing,4624,None,A user session was started.
Information,2026-06-02 14:11:00,Microsoft-Windows-Security-Auditing,4624,None,The operation completed successfully.
Information,2026-06-02 16:06:00,Service Control Manager,7000,None,A user session was started.
Information,2026-06-02 16:41:00,Microsoft-Windows-WindowsUpdateClient,20,None,A user session was started.
Warning,2026-06-02 17:05:00,Microsoft-Windows-DistributedCOM,10010,None,A device reported a recoverable condition.
Information,2026-06-02 17:21:00,Microsoft-Windows-DistributedCOM,10016,None,A Windows service changed state.
Information,2026-06-02 20:48:00,Microsoft-Windows-WindowsUpdateClient,20,None,A user session was started.
Information,2026-06-02 21:00:00,Microsoft-Windows-Security-Auditing,4624,None,A Windows service changed state.
Information,2026-06-02 21:06:00,Microsoft-Windows-DistributedCOM,10016,None,The operation completed successfully.
Information,2026-06-02 21:28:00,Microsoft-Windows-WindowsUpdateClient,31,None,The update operation completed.
Information,2026-06-02 21:41:00,Microsoft-Windows-Security-Auditing,4624,None,A Windows service changed state.
Information,2026-06-02 21:45:00,Microsoft-Windows-DistributedCOM,10010,None,A user session was started.
Information,2026-06-02 22:06:00,Service Control Manager,7031,None,The update operation completed.
Information,2026-06-02 22:08:00,Microsoft-Windows-Security-Auditing,4624,None,The operation completed successfully.
Information,2026-06-02 22:13:00,Microsoft-Windows-DistributedCOM,10016,None,The operation completed successfully.
Information,2026-06-02 22:16:00,Microsoft-Windows-WindowsUpdateClient,43,None,The operation completed successfully.
Information,2026-06-02 23:30:00,Microsoft-Windows-Kernel-Power,109,None,A user session was started.
Error,2026-06-02 23:40:00,Microsoft-Windows-DistributedCOM,10010,None,An application stopped responding.
Warning,2026-06-03 00:15:00,Microsoft-Windows-DistributedCOM,10010,None,A device reported a recoverable condition.
Error,2026-06-03 00:21:00,Winlogon,6006,None,An application stopped responding.
Warning,2026-06-03 00:34:00,Microsoft-Windows-DistributedCOM,10010,None,A service took longer than expected to respond.
Information,2026-06-03 00:36:00,Microsoft-Windows-WindowsUpdateClient,31,None,A user session was started.
Information,2026-06-03 00:45:00,Service Control Manager,7040,None,A Windows service changed state.
Information,2026-06-03 00:46:00,Microsoft-Windows-DistributedCOM,10016,None,The operation completed successfully.
Warning,2026-06-03 00:46:00,Microsoft-Windows-DriverFrameworks-UserMode,10110,None,A device reported a recoverable condition.
Warning,2026-06-03 00:53:00,Microsoft-Windows-DistributedCOM,10010,None,The application-specific permission settings do not grant Local Activation permission.
Information,2026-06-03 00:57:00,Service Control Manager,7000,None,A user session was started.
Warning,2026-06-03 00:59:00,Microsoft-Windows-DriverFrameworks-UserMode,10110,None,A service took longer than expected to respond.
Warning,2026-06-03 01:01:00,Microsoft-Windows-Security-Auditing,4625,None,The application-specific permission settings do not grant Local Activation permission.
Information,2026-06-03 01:04:00,Microsoft-Windows-WindowsUpdateClient,20,None,A Windows service changed state.
Warning,2026-06-03 01:13:00,Microsoft-Windows-WindowsUpdateClient,43,None,A service took longer than expected to respond.
Error,2026-06-03 01:15:00,Microsoft-Windows-DriverFrameworks-UserMode,10111,None,An application stopped responding.
Information,2026-06-03 01:23:00,Microsoft-Windows-Security-Auditing,4624,None,A user session was started.
Information,2026-06-03 01:28:00,Microsoft-Windows-WindowsUpdateClient,31,None,A user session was started.
Information,2026-06-03 01:35:00,Microsoft-Windows-DistributedCOM,10010,None,A user session was started.
Information,2026-06-03 01:36:00,Microsoft-Windows-WindowsUpdateClient,19,None,The operation completed successfully.
Information,2026-06-03 01:58:00,Microsoft-Windows-DistributedCOM,10016,None,The update operation completed.
Warning,2026-06-03 02:02:00,Microsoft-Windows-DistributedCOM,10016,None,A device reported a recoverable condition.
Warning,2026-06-03 02:04:00,Microsoft-Windows-DistributedCOM,10010,None,A device reported a recoverable condition.
Information,2026-06-03 02:08:00,Microsoft-Windows-WindowsUpdateClient,43,None,A user session was started.
Information,2026-06-03 02:23:00,Microsoft-Windows-Security-Auditing,4624,None,A Windows service changed state.
Information,2026-06-03 02:35:00,Microsoft-Windows-DistributedCOM,10016,None,The update operation completed.
Information,2026-06-03 02:43:00,Microsoft-Windows-DistributedCOM,10016,None,A user session was started.
Information,2026-06-03 02:52:00,Microsoft-Windows-DistributedCOM,10016,None,The operation completed successfully.
Information,2026-06-03 03:07:00,Application Error,1000,None,A user session was started.
Warning,2026-06-03 03:24:00,Microsoft-Windows-DriverFrameworks-UserMode,10110,None,A service took longer than expected to respond.
Warning,2026-06-03 03:24:00,Service Control Manager,7031,None,A device reported a recoverable condition.
Information,2026-06-03 03:35:00,Microsoft-Windows-DistributedCOM,10010,None,A user session was started.
Information,2026-06-03 03:40:00,Microsoft-Windows-DistributedCOM,10010,None,A user session was started.
Error,2026-06-03 03:48:00,Microsoft-Windows-DistributedCOM,10010,None,An application stopped responding.
Warning,2026-06-03 03:50:00,Service Control Manager,7001,None,The application-specific permission settings do not grant Local Activation permission.
Information,2026-06-03 03:56:00,Microsoft-Windows-DistributedCOM,10016,None,The operation completed successfully.
Warning,2026-06-03 03:56:00,Microsoft-Windows-Security-Auditing,4625,None,The application-specific permission settings do not grant Local Activation permission.
Warning,2026-06-03 03:57:00,Service Control Manager,7031,None,A device reported a recoverable condition.
Warning,2026-06-03 04:03:00,Service Control Manager,7040,None,The application-specific permission settings do not grant Local Activation permission.
Information,2026-06-03 04:11:00,Microsoft-Windows-DistributedCOM,10016,None,The update operation completed.
Information,2026-06-03 04:28:00,Application Error,1000,None,The update operation completed.
Warning,2026-06-03 04:28:00,Service Control Manager,7000,None,A service took longer than expected to respond.
Warning,2026-06-03 04:29:00,Microsoft-Windows-WindowsUpdateClient,31,None,A service took longer than expected to respond.
Information,2026-06-03 04:30:00,Service Control Manager,7040,None,A user session was started.
Warning,2026-06-03 04:31:00,Microsoft-Windows-Kernel-Power,109,None,A device reported a recoverable condition.
Information,2026-06-03 04:37:00,Microsoft-Windows-WindowsUpdateClient,31,None,A user session was started.
Information,2026-06-03 04:58:00,Microsoft-Windows-Security-Auditing,4624,None,The operation completed successfully.
Warning,2026-06-03 05:01:00,Microsoft-Windows-Security-Auditing,4625,None,A device reported a recoverable condition.
Information,2026-06-03 05:12:00,Microsoft-Windows-DistributedCOM,10016,None,The operation completed successfully.
Error,2026-06-03 05:18:00,Service Control Manager,7040,None,An application stopped responding.
Information,2026-06-03 05:20:00,Microsoft-Windows-DistributedCOM,10016,None,A Windows service changed state.
Information,2026-06-03 05:32:00,Microsoft-Windows-Kernel-Power,109,None,The update operation completed.
Error,2026-06-03 05:33:00,Microsoft-Windows-DistributedCOM,10016,None,A user logon attempt failed.
Information,2026-06-03 05:37:00,Microsoft-Windows-WindowsUpdateClient,43,None,A Windows service changed state.
Information,2026-06-03 05:39:00,Service Control Manager,7001,None,The operation completed successfully.
Information,2026-06-03 05:50:00,Microsoft-Windows-DistributedCOM,10010,None,A Windows service changed state.
Information,2026-06-03 05:58:00,Microsoft-Windows-DriverFrameworks-UserMode,10110,None,The operation completed successfully.
Information,2026-06-03 05:59:00,Microsoft-Windows-Security-Auditing,4634,None,A user session was started.
Information,2026-06-03 06:04:00,Service Control Manager,7031,None,A user session was started.
Information,2026-06-03 06:12:00,Microsoft-Windows-Security-Auditing,4624,None,The update operation completed.
