Warning,2026-06-10 12:57:00,Microsoft-Windows-DistributedCOM,10010,None,A device reported a recoverable condition.
Information,2026-06-10 13:16:00,Microsoft-Windows-DistributedCOM,10016,None,A Windows service changed state.
Information,2026-06-10 13:31:00,Microsoft-Windows-DistributedCOM,10010,None,A user session was started.
Information,2026-06-10 13:36:00,Service Control Manager,7001,None,A user session was started.
Information,2026-06-10 14:02:00,Microsoft-Windows-DistributedCOM,10016,None,A user session was started.
Error,2026-06-10 14:03:00,Service Control Manager,7000,None,An update could not be installed.
Information,2026-06-10 15:06:00,Application Error,1001,None,The update operation completed.
Error,2026-06-10 16:29:00,Microsoft-Windows-WindowsUpdateClient,43,None,A service terminated unexpectedly.
Information,2026-06-10 16:48:00,Microsoft-Windows-Security-Auditing,4624,None,A Windows service changed state.
Error,2026-06-10 18:07:00,Microsoft-Windows-DistributedCOM,10016,None,An application stopped responding.
Information,2026-06-10 19:32:00,Microsoft-Windows-DistributedCOM,10016,None,A user session was started.
Information,2026-06-10 19:41:00,Microsoft-Windows-DistributedCOM,10016,None,A Windows service changed state.
Information,2026-06-10 20:42:00,Microsoft-Windows-DistributedCOM,10010,None,The update operation completed.
Information,2026-06-10 21:04:00,Microsoft-Windows-DistributedCOM,10016,None,The operation completed successfully.
Information,2026-06-10 21:19:00,Microsoft-Windows-Kernel-Power,41,None,A Windows service changed state.
Information,2026-06-10 21:36:00,Microsoft-Windows-DistributedCOM,10010,None,The update operation completed.
Warning,2026-06-10 21:59:00,Winlogon,6005,None,A service took longer than expected to respond.
Information,2026-06-10 22:04:00,Microsoft-Windows-WindowsUpdateClient,43,None,A user session was started.
Information,2026-06-10 22:28:00,Service Control Manager,7040,None,A user session was started.
Information,2026-06-10 22:42:00,Microsoft-Windows-Security-Auditing,4624,None,The update operation completed.
Information,2026-06-10 22:43:00,Microsoft-Windows-DistributedCOM,10016,None,The operation completed successfully.
Warning,2026-06-10 22:55:00,Application Error,1001,None,The application-specific permission settings do not grant Local Activation permission.
Information,2026-06-10 23:03:00,Microsoft-Windows-DistributedCOM,10010,None,A user session was started.
Information,2026-06-10 23:50:00,Microsoft-Windows-Kernel-Power,41,None,A Windows service changed state.
Warning,2026-06-10 23:51:00,Microsoft-Windows-DistributedCOM,10016,None,The application-specific permission settings do not grant Local Activation permission.
Information,2026-06-11 00:34:00,Microsoft-Windows-Security-Auditing,4624,None,The operation completed successfully.
Information,2026-06-11 01:39:00,Service Control Manager,7040,None,A Windows service changed state.
Information,2026-06-11 02:03:00,Microsoft-Windows-DistributedCOM,10016,None,A user session was started.
Information,2026-06-11 02:41:00,Microsoft-Windows-Security-Auditing,4624,None,A user session was started.
Warning,2026-06-11 02:41:00,Microsoft-Windows-DistributedCOM,10016,None,A device reported a recoverable condition.
Information,2026-06-11 03:00:00,Microsoft-Windows-DriverFrameworks-UserMode,10111,None,A Windows service changed state.
Information,2026-06-11 03:01:00,Microsoft-Windows-DistributedCOM,10010,None,The update operation completed.
Information,2026-06-11 03:31:00,Microsoft-Windows-Kernel-Power,109,None,The operation completed successfully.
Information,2026-06-11 04:26:00,Winlogon,6005,None,A user session was started.
Information,2026-06-11 04:28:00,Service Control Manager,7040,None,The update operation completed.
Critical,2026-06-11 05:35:00,Microsoft-Windows-DistributedCOM,10010,None,The system rebooted without cleanly shutting down first.
Warning,2026-06-11 05:36:00,Microsoft-Windows-DistributedCOM,10010,None,The application-specific permission settings do not grant Local Activation permission.
Information,2026-06-11 06:24:00,Winlogon,6005,None,The operation completed successfully.
Information,2026-06-11 07:53:00,Microsoft-Windows-DriverFrameworks-UserMode,10111,None,The operation completed successfully.
Warning,2026-06-11 07:54:00,Microsoft-Windows-DistributedCOM,10010,None,A device reported a recoverable condition.
Warning,2026-06-11 08:06:00,Microsoft-Windows-DistributedCOM,10016,None,The application-specific permission settings do not grant Local Activation permission.
Information,2026-06-11 08:38:00,Service Control Manager,7000,None,The update operation completed.
Warning,2026-06-11 09:21:00,Service Control Manager,7031,None,A device reported a recoverable condition.
Information,2026-06-11 09:23:00,Microsoft-Windows-WindowsUpdateClient,31,None,A user session was started.
Information,2026-06-11 10:06:00,Microsoft-Windows-DriverFrameworks-UserMode,10111,None,The update operation completed.
Warning,2026-06-11 11:55:00,Winlogon,6006,None,A service took longer than expected to respond.
Information,2026-06-11 12:13:00,Service Control Manager,7031,None,The update operation completed.
Information,2026-06-11 12:27:00,Microsoft-Windows-DistributedCOM,10010,None,A Windows service changed state.
Information,2026-06-11 12:54:00,Winlogon,6005,None,A Windows service changed state.
Information,2026-06-11 14:15:00,Microsoft-Windows-Kernel-Power,109,None,A user session was started.
Error,2026-06-11 15:46:00,Microsoft-Windows-DriverFrameworks-UserMode,10111,None,An update could not be installed.
Information,2026-06-11 15:47:00,Microsoft-Windows-DistributedCOM,10016,None,A user session was started.
Critical,2026-06-11 16:11:00,Microsoft-Windows-DistributedCOM,10010,None,A critical system component stopped unexpectedly.
Information,2026-06-11 16:28:00,Microsoft-Windows-DistributedCOM,10016,None,A Windows service changed state.
Warning,2026-06-11 16:58:00,Microsoft-Windows-DistributedCOM,10010,None,The application-specific permission settings do not grant Local Activation permission.
Information,2026-06-11 17:16:00,Microsoft-Windows-DistributedCOM,10016,None,A Windows service changed state.
Warning,2026-06-11 17:51:00,Microsoft-Windows-DistributedCOM,10016,None,A service took longer than expected to respond.
Information,2026-06-11 18:53:00,Microsoft-Windows-DistributedCOM,10016,None,The update operation completed.
Warning,2026-06-11 19:01:00,Microsoft-Windows-Kernel-Power,41,None,A service took longer than expected to respond.
Information,2026-06-11 19:12:00,Microsoft-Windows-Security-Auditing,4634,None,The operation completed successfully.
Information,2026-06-11 20:46:00,Service Control Manager,7000,None,A user session was started.
Information,2026-06-11 21:08:00,Service Control Manager,7031,None,A Windows service changed state.
Information,2026-06-11 21:20:00,Microsoft-Windows-DistributedCOM,10016,None,A user session was started.
Information,2026-06-11 21:56:00,Microsoft-Windows-Security-Auditing,4624,None,A Windows service changed state.
Information,2026-06-11 22:39:00,Microsoft-Windows-WindowsUpdateClient,31,None,A Windows service changed state.
Warning,2026-06-11 23:07:00,Service Control Manager,7031,None,A service took longer than expected to respond.
Error,2026-06-11 23:27:00,Microsoft-Windows-Kernel-Power,41,None,An update could not be installed.
Warning,2026-06-11 23:45:00,Service Control Manager,7000,None,A service took longer than expected to respond.
Information,2026-06-12 00:56:00,Microsoft-Windows-DistributedCOM,10016,None,A user session was started.
Error,2026-06-12 01:07:00,Microsoft-Windows-DriverFrameworks-UserMode,10111,None,A user logon attempt failed.
Information,2026-06-12 01:16:00,Microsoft-Windows-DriverFrameworks-UserMode,10110,None,A user session was started.
Information,2026-06-12 02:11:00,Microsoft-Windows-Security-Auditing,4624,None,A user session was started.
Warning,2026-06-12 03:03:00,Microsoft-Windows-WindowsUpdateClient,43,None,A device reported a recoverable condition.
Information,2026-06-12 03:21:00,Microsoft-Windows-WindowsUpdateClient,20,None,A user session was started.
Information,2026-06-12 03:30:00,Microsoft-Windows-Security-Auditing,4624,None,A Windows service changed state.
Warning,2026-06-12 03:34:00,Microsoft-Windows-DistributedCOM,10016,None,A service took longer than expected to respond.
Warning,2026-06-12 03:51:00,Service Control Manager,7000,None,A device reported a recoverable condition.
Warning,2026-06-12 05:10:00,Microsoft-Windows-Kernel-Power,41,None,A service took longer than expected to respond.
Information,2026-06-12 05:40:00,Microsoft-Windows-DistributedCOM,10010,None,A user session was started.
Information,2026-06-12 06:06:00,Microsoft-Windows-Security-Auditing,4634,None,The update operation completed.
Warning,2026-06-12 06:34:00,Service Control Manager,7000,None,The application-specific permission settings do not grant Local Activation permission.
Information,2026-06-12 07:09:00,Application Error,1000,None,The operation completed successfully.
Warning,2026-06-12 07:51:00,Microsoft-Windows-DistributedCOM,10016,None,The application-specific permission settings do not grant Local Activation permission.
Information,2026-06-12 08:00:00,Microsoft-Windows-DistributedCOM,10010,None,The update operation completed.
Information,2026-06-12 08:08:00,Service Control Manager,7040,None,The operation completed successfully.
Information,2026-06-12 08:22:00,Microsoft-Windows-DistributedCOM,10010,None,The operation completed successfully.
Warning,2026-06-12 08:29:00,Service Control Manager,7031,None,The application-specific permission settings do not grant Local Activation permission.
Information,2026-06-12 08:43:00,Microsoft-Windows-DistributedCOM,10016,None,A user session was started.
Information,2026-06-12 11:31:00,Application Error,1000,None,The update operation completed.
Information,2026-06-12 12:04:00,Microsoft-Windows-WindowsUpdateClient,31,None,The update operation completed.
Warning,2026-06-12 12:37:00,Microsoft-Windows-DistributedCOM,10010,None,A device reported a recoverable condition.
Information,2026-06-12 13:40:00,Microsoft-Windows-Security-Auditing,4624,None,The operation completed successfully.
Warning,2026-06-12 14:40:00,Microsoft-Windows-Kernel-Power,109,None,The application-specific permission settings do not grant Local Activation permission.
Information,2026-06-12 14:42:00,Microsoft-Windows-WindowsUpdateClient,31,None,The operation completed successfully.
Information,2026-06-12 15:02:00,Microsoft-Windows-WindowsUpdateClient,43,None,The update operation completed.
Information,2026-06-12 15:02:00,Microsoft-Windows-DistributedCOM,10016,None,The operation completed successfully.
Warning,2026-06-12 15:23:00,Microsoft-Windows-Security-Auditing,4625,None,A service took longer than expected to respond.
Information,2026-06-12 15:26:00,Microsoft-Windows-DistributedCOM,10016,None,A user session was started.
Information,2026-06-12 15:28:00,Microsoft-Windows-Kernel-Power,109,None,A Windows service changed state.
Information,2026-06-12 15:53:00,Microsoft-Windows-DriverFrameworks-UserMode,10110,None,The update operation completed.
Warning,2026-06-12 16:38:00,Application Error,1001,None,A service took longer than expected to respond.
Information,2026-06-12 17:24:00,Microsoft-Windows-DistributedCOM,10016,None,A Windows service changed state.
Information,2026-06-12 17:51:00,Microsoft-Windows-DistributedCOM,10010,None,The operation completed successfully.
Information,2026-06-12 17:53:00,Microsoft-Windows-DistributedCOM,10010,None,The operation completed successfully.
Information,2026-06-12 18:13:00,Microsoft-Windows-DistributedCOM,10016,None,A Windows service changed state.
Information,2026-06-12 18:30:00,Microsoft-Windows-Kernel-Power,109,None,A Windows service changed state.
Warning,2026-06-12 18:35:00,Microsoft-Windows-WindowsUpdateClient,20,None,A service took longer than expected to respond.
Information,2026-06-12 18:42:00,Microsoft-Windows-Security-Auditing,4624,None,A Windows service changed state.
Information,2026-06-12 18:45:00,Microsoft-Windows-DistributedCOM,10010,None,The update operation completed.
Information,2026-06-12 18:47:00,Microsoft-Windows-WindowsUpdateClient,31,None,The update operation completed.
Information,2026-06-12 20:35:00,Service Control Manager,7001,None,A Windows service changed state.
Information,2026-06-12 22:48:00,Microsoft-Windows-DistributedCOM,10010,None,The update operation completed.
Information,2026-06-13 00:19:00,Service Control Manager,7040,None,The update operation completed.
Warning,2026-06-13 00:37:00,Microsoft-Windows-DistributedCOM,10016,None,A device reported a recoverable condition.
Information,2026-06-13 01:23:00,Microsoft-Windows-DistributedCOM,10010,None,A user session was started.
Warning,2026-06-13 01:24:00,Microsoft-Windows-Kernel-Power,109,None,A device reported a recoverable condition.
Error,2026-06-13 01:26:00,Microsoft-Windows-Kernel-Power,109,None,An update could not be installed.
Information,2026-06-13 01:38:00,Microsoft-Windows-WindowsUpdateClient,20,None,The update operation completed.
Warning,2026-06-13 01:57:00,Microsoft-Windows-Kernel-Power,109,None,A device reported a recoverable condition.
Warning,2026-06-13 02:05:00,Microsoft-Windows-Kernel-Power,109,None,The application-specific permission settings do not grant Local Activation permission.
Warning,2026-06-13 02:08:00,Microsoft-Windows-DistributedCOM,10016,None,A device reported a recoverable condition.
Information,2026-06-13 02:24:00,Service Control Manager,7040,None,The operation completed successfully.
Information,2026-06-13 02:45:00,Microsoft-Windows-WindowsUpdateClient,20,None,The update operation completed.
Information,2026-06-13 02:59:00,Service Control Manager,7001,None,A user session was started.
Warning,2026-06-13 03:14:00,Microsoft-Windows-DistributedCOM,10010,None,A service took longer than expected to respond.
Warning,2026-06-13 03:54:00,Microsoft-Windows-DistributedCOM,10016,None,The application-specific permission settings do not grant Local Activation permission.
Error,2026-06-13 04:19:00,Microsoft-Windows-DistributedCOM,10016,None,A service terminated unexpectedly.
Information,2026-06-13 04:58:00,Microsoft-Windows-DistributedCOM,10016,None,A user session was started.
Information,2026-06-13 05:11:00,Microsoft-Windows-DistributedCOM,10016,None,A user session was started.
Information,2026-06-13 05:30:00,Microsoft-Windows-DistributedCOM,10016,None,The operation completed successfully.
Information,2026-06-13 06:04:00,Service Control Manager,7040,None,A user session was started.
Warning,2026-06-13 06:22:00,Service Control Manager,7000,None,A service took longer than expected to respond.
Information,2026-06-13 06:31:00,Microsoft-Windows-DistributedCOM,10010,None,The operation completed successfully.
Information,2026-06-13 06:48:00,Service Control Manager,7001,None,A Windows service changed state.
Information,2026-06-13 07:23:00,Application Error,1001,None,A user session was started.
Information,2026-06-13 07:26:00,Microsoft-Windows-DistributedCOM,10016,None,A Windows service changed state.
Error,2026-06-13 07:31:00,Winlogon,6005,None,An update could not be installed.
Warning,2026-06-13 07:32:00,Microsoft-Windows-DistributedCOM,10016,None,A service took longer than expected to respond.
Warning,2026-06-13 08:28:00,Microsoft-Windows-DistributedCOM,10016,None,A service took longer than expected to respond.
Warning,2026-06-13 08:34:00,Microsoft-Windows-WindowsUpdateClient,43,None,A service took longer than expected to respond.
Warning,2026-06-13 08:46:00,Microsoft-Windows-DistributedCOM,10016,None,The application-specific permission settings do not grant Local Activation permission.
Warning,2026-06-13 09:26:00,Microsoft-Windows-DistributedCOM,10016,None,A service took longer than expected to respond.
Information,2026-06-13 09:42:00,Service Control Manager,7031,None,A user session was started.
Error,2026-06-13 10:45:00,Service Control Manager,7031,None,An update could not be installed.
Information,2026-06-13 11:33:00,Microsoft-Windows-Security-Auditing,4624,None,The operation completed successfully.
Information,2026-06-13 11:44:00,Service Control Manager,7000,None,The operation completed successfully.
Warning,2026-06-13 12:09:00,Microsoft-Windows-WindowsUpdateClient,31,None,A service took longer than expected to respond.
Information,2026-06-13 14:06:00,Microsoft-Windows-WindowsUpdateClient,43,None,The operation completed successfully.
Information,2026-06-13 14:14:00,Microsoft-Windows-WindowsUpdateClient,43,None,A Windows service changed state.
Error,2026-06-13 14:16:00,Service Control Manager,7001,None,A user logon attempt failed.
Warning,2026-06-13 14:53:00,Microsoft-Windows-DistributedCOM,10010,None,The application-specific permission settings do not grant Local Activation permission.
Information,2026-06-13 15:08:00,Service Control Manager,7001,None,The update operation completed.
Information,2026-06-13 15:25:00,Microsoft-Windows-WindowsUpdateClient,43,None,The update operation completed.
Warning,2026-06-13 16:10:00,Service Control Manager,7001,None,A device reported a recoverable condition.
Information,2026-06-13 16:19:00,Microsoft-Windows-DistributedCOM,10010,None,A Windows service changed state.
Information,2026-06-13 16:23:00,Microsoft-Windows-DistributedCOM,10010,None,A Windows service changed state.
Information,2026-06-13 16:47:00,Microsoft-Windows-DistributedCOM,10016,None,A user session was started.
Information,2026-06-13 17:19:00,Service Control Manager,7001,None,The operation completed successfully.
Information,2026-06-13 17:38:00,Microsoft-Windows-Kernel-Power,109,None,The update operation completed.
Information,2026-06-13 17:43:00,Microsoft-Windows-DriverFrameworks-UserMode,10111,None,A user session was started.
Information,2026-06-13 17:45:00,Microsoft-Windows-Security-Auditing,4624,None,A Windows service changed state.
Information,2026-06-13 18:06:00,Service Control Manager,7031,None,A user session was started.
Information,2026-06-13 19:17:00,Microsoft-Windows-Kernel-Power,109,None,The update operation completed.
Error,2026-06-13 19:49:00,Microsoft-Windows-DistributedCOM,10016,None,An application stopped responding.
Information,2026-06-13 20:37:00,Winlogon,6005,None,The update operation completed.
Information,2026-06-13 21:48:00,Microsoft-Windows-DistributedCOM,10016,None,The update operation completed.
Information,2026-06-13 22:02:00,Microsoft-Windows-DistributedCOM,10010,None,The update operation completed.
Information,2026-06-13 22:33:00,Microsoft-Windows-DriverFrameworks-UserMode,10110,None,The operation completed successfully.
Warning,2026-06-13 23:55:00,Microsoft-Windows-DistributedCOM,10010,None,The application-specific permission settings do not grant Local Activation permission.
Information,2026-06-14 00:05:00,Microsoft-Windows-WindowsUpdateClient,31,None,A Windows service changed state.
Information,2026-06-14 00:16:00,Microsoft-Windows-DistributedCOM,10010,None,The operation completed successfully.
Information,2026-06-14 01:33:00,Microsoft-Windows-DistributedCOM,10016,None,A Windows service changed state.
Information,2026-06-14 02:19:00,Service Control Manager,7001,None,A user session was started.
Warning,2026-06-14 02:23:00,Winlogon,6005,None,A device reported a recoverable condition.
Information,2026-06-14 02:25:00,Service Control Manager,7040,None,A user session was started.
Warning,2026-06-14 02:43:00,Service Control Manager,7000,None,A service took longer than expected to respond.
Information,2026-06-14 02:43:00,Microsoft-Windows-DistributedCOM,10016,None,A Windows service changed state.
Information,2026-06-14 02:55:00,Microsoft-Windows-Security-Auditing,4624,None,The update operation completed.
Error,2026-06-14 03:06:00,Microsoft-Windows-DistributedCOM,10010,None,A user logon attempt failed.
Information,2026-06-14 03:19:00,Microsoft-Windows-DriverFrameworks-UserMode,10111,None,A Windows service changed state.
Information,2026-06-14 03:30:00,Microsoft-Windows-Kernel-Power,41,None,The update operation completed.
Error,2026-06-14 03:54:00,Microsoft-Windows-DistributedCOM,10010,None,An application stopped responding.
Warning,2026-06-14 04:01:00,Microsoft-Windows-DistributedCOM,10010,None,The application-specific permission settings do not grant Local Activation permission.
Warning,2026-06-14 04:25:00,Microsoft-Windows-DistributedCOM,10010,None,A service took longer than expected to respond.
Warning,2026-06-14 04:50:00,Application Error,1000,None,The application-specific permission settings do not grant Local Activation permission.
Information,2026-06-14 05:42:00,Microsoft-Windows-Security-Auditing,4624,None,The operation completed successfully.
Information,2026-06-14 07:08:00,Microsoft-Windows-DistributedCOM,10016,None,A user session was started.
Warning,2026-06-14 08:12:00,Microsoft-Windows-DistributedCOM,10016,None,The application-specific permission settings do not grant Local Activation permission.
Information,2026-06-14 08:22:00,Microsoft-Windows-Security-Auditing,4624,None,A Windows service changed state.
Information,2026-06-14 08:37:00,Microsoft-Windows-Kernel-Power,109,None,The operation completed successfully.
Error,2026-06-14 08:40:00,Microsoft-Windows-DistributedCOM,10010,None,A user logon attempt failed.
Warning,2026-06-14 09:26:00,Service Control Manager,7031,None,A device reported a recoverable condition.
Information,2026-06-14 09:32:00,Microsoft-Windows-DistributedCOM,10010,None,The operation completed successfully.
Information,2026-06-14 10:21:00,Microsoft-Windows-Security-Auditing,4624,None,The update operation completed.
Warning,2026-06-14 11:22:00,Service Control Manager,7040,None,The application-specific permission settings do not grant Local Activation permission.
Information,2026-06-14 12:35:00,Service Control Manager,7000,None,The update operation completed.
Information,2026-06-14 12:39:00,Microsoft-Windows-DistributedCOM,10016,None,A user session was started.
Information,2026-06-14 12:45:00,Service Control Manager,7040,None,A user session was started.
Information,2026-06-14 13:05:00,Microsoft-Windows-DistributedCOM,10016,None,The update operation completed.
Information,2026-06-14 13:51:00,Microsoft-Windows-Security-Auditing,4624,None,The update operation completed.
Error,2026-06-14 15:14:00,Microsoft-Windows-DistributedCOM,10010,None,An update could not be installed.
Information,2026-06-14 15:46:00,Service Control Manager,7040,None,A Windows service changed state.
Information,2026-06-14 15:56:00,Microsoft-Windows-DistributedCOM,10016,None,The operation completed successfully.
Information,2026-06-14 16:47:00,Microsoft-Windows-WindowsUpdateClient,19,None,A Windows service changed state.
Error,2026-06-14 16:55:00,Winlogon,6005,None,A user logon attempt failed.
Information,2026-06-14 17:43:00,Application Error,1000,None,The operation completed successfully.
Warning,2026-06-14 19:46:00,Microsoft-Windows-DistributedCOM,10016,None,A service took longer than expected to respond.
Warning,2026-06-14 20:11:00,Service Control Manager,7001,None,The application-specific permission settings do not grant Local Activation permission.
Information,2026-06-14 20:21:00,Microsoft-Windows-WindowsUpdateClient,20,None,The operation completed successfully.
Warning,2026-06-14 20:45:00,Microsoft-Windows-WindowsUpdateClient,31,None,A service took longer than expected to respond.
Information,2026-06-14 22:35:00,Service Control Manager,7031,None,A Windows service changed state.
Information,2026-06-14 23:06:00,Microsoft-Windows-DistributedCOM,10016,None,The operation completed successfully.
Warning,2026-06-14 23:10:00,Microsoft-Windows-DistributedCOM,10010,None,A device reported a recoverable condition.
Error,2026-06-14 23:32:00,Microsoft-Windows-WindowsUpdateClient,43,None,A user logon attempt failed.
Warning,2026-06-14 23:36:00,Microsoft-Windows-DistributedCOM,10010,None,A service took longer than expected to respond.
Warning,2026-06-14 23:54:00,Microsoft-Windows-Kernel-Power,109,None,A device reported a recoverable condition.
Error,2026-06-15 00:59:00,Microsoft-Windows-WindowsUpdateClient,20,None,An update could not be installed.
Warning,2026-06-15 01:04:00,Winlogon,6005,None,A service took longer than expected to respond.
Information,2026-06-15 01:32:00,Microsoft-Windows-DistributedCOM,10010,None,The update operation completed.
Information,2026-06-15 02:20:00,Service Control Manager,7001,None,A Windows service changed state.
Warning,2026-06-15 02:26:00,Microsoft-Windows-WindowsUpdateClient,43,None,A service took longer than expected to respond.
Warning,2026-06-15 02:42:00,Microsoft-Windows-Security-Auditing,4625,None,A service took longer than expected to respond.
Warning,2026-06-15 03:37:00,Microsoft-Windows-DistributedCOM,10016,None,A device reported a recoverable condition.
Information,2026-06-15 03:48:00,Microsoft-Windows-Security-Auditing,4624,None,The update operation completed.
Information,2026-06-15 04:43:00,Microsoft-Windows-DistributedCOM,10016,None,A Windows service changed state.
Warning,2026-06-15 05:22:00,Microsoft-Windows-WindowsUpdateClient,19,None,A service took longer than expected to respond.
Information,2026-06-15 06:22:00,Application Error,1001,None,A user session was started.
Information,2026-06-15 06:29:00,Microsoft-Windows-DriverFrameworks-UserMode,10110,None,The operation completed successfully.
Information,2026-06-15 06:39:00,Microsoft-Windows-Security-Auditing,4624,None,A Windows service changed state.
Information,2026-06-15 06:44:00,Microsoft-Windows-DistributedCOM,10010,None,A user session was started.
Information,2026-06-15 06:49:00,Microsoft-Windows-DistributedCOM,10010,None,The update operation completed.
Warning,2026-06-15 07:00:00,Microsoft-Windows-DriverFrameworks-UserMode,10111,None,A device reported a recoverable condition.
Warning,2026-06-15 07:57:00,Microsoft-Windows-DistributedCOM,10016,None,A service took longer than expected to respond.
Information,2026-06-15 08:29:00,Microsoft-Windows-Security-Auditing,4624,None,The operation completed successfully.
Information,2026-06-15 08:33:00,Microsoft-Windows-DistributedCOM,10010,None,A Windows service changed state.
Information,2026-06-15 09:33:00,Microsoft-Windows-DistributedCOM,10010,None,The operation completed successfully.
Information,2026-06-15 09:44:00,Microsoft-Windows-Kernel-Power,109,None,A Windows service changed state.
Information,2026-06-15 10:04:00,Microsoft-Windows-DistributedCOM,10016,None,A Windows service changed state.
Warning,2026-06-15 10:17:00,Microsoft-Windows-WindowsUpdateClient,20,None,A service took longer than expected to respond.
Warning,2026-06-15 10:26:00,Service Control Manager,7031,None,A device reported a recoverable condition.
Information,2026-06-15 11:22:00,Service Control Manager,7000,None,The update operation completed.
Information,2026-06-15 12:02:00,Service Control Manager,7040,None,A user session was started.
Information,2026-06-15 12:28:00,Microsoft-Windows-DistributedCOM,10010,None,A user session was started.
Information,2026-06-15 12:44:00,Microsoft-Windows-DistributedCOM,10010,None,The operation completed successfully.
Information,2026-06-15 13:09:00,Microsoft-Windows-DistributedCOM,10010,None,The operation completed successfully.
Information,2026-06-15 13:09:00,Service Control Manager,7031,None,The update operation completed.
Warning,2026-06-15 13:14:00,Application Error,1000,None,A device reported a recoverable condition.
Information,2026-06-15 14:24:00,Microsoft-Windows-DistributedCOM,10016,None,A Windows service changed state.
Warning,2026-06-15 14:46:00,Microsoft-Windows-WindowsUpdateClient,20,None,A device reported a recoverable condition.
Warning,2026-06-15 14:52:00,Microsoft-Windows-Security-Auditing,4625,None,A device reported a recoverable condition.
Information,2026-06-15 15:09:00,Microsoft-Windows-Security-Auditing,4634,None,A user session was started.
Information,2026-06-15 15:55:00,Microsoft-Windows-Security-Auditing,4624,None,The operation completed successfully.
Warning,2026-06-15 16:09:00,Microsoft-Windows-DistributedCOM,10010,None,A device reported a recoverable condition.
Information,2026-06-15 16:22:00,Microsoft-Windows-WindowsUpdateClient,43,None,A user session was started.
Information,2026-06-15 17:02:00,Microsoft-Windows-DistributedCOM,10010,None,The operation completed successfully.
Information,2026-06-15 17:13:00,Microsoft-Windows-Security-Auditing,4624,None,The operation completed successfully.
Information,2026-06-15 17:24:00,Microsoft-Windows-DistributedCOM,10016,None,A Windows service changed state.
Information,2026-06-15 17:34:00,Service Control Manager,7031,None,A Windows service changed state.
Information,2026-06-15 17:44:00,Microsoft-Windows-DistributedCOM,10016,None,A Windows service changed state.
Information,2026-06-15 17:45:00,Service Control Manager,7031,None,A user session was started.
Information,2026-06-15 17:47:00,Microsoft-Windows-Kernel-Power,109,None,A Windows service changed state.
Error,2026-06-15 18:19:00,Microsoft-Windows-DistributedCOM,10010,None,An update could not be installed.
Warning,2026-06-15 18:29:00,Microsoft-Windows-DistributedCOM,10016,None,A device reported a recoverable condition.
Warning,2026-06-15 19:12:00,Microsoft-Windows-DistributedCOM,10010,None,A service took longer than expected to respond.
Information,2026-06-15 19:55:00,Application Error,1001,None,A user session was started.
Error,2026-06-15 20:18:00,Microsoft-Windows-WindowsUpdateClient,43,None,A user logon attempt failed.
Warning,2026-06-15 20:49:00,Microsoft-Windows-DistributedCOM,10016,None,The application-specific permission settings do not grant Local Activation permission.
Warning,2026-06-15 21:00:00,Service Control Manager,7000,None,The application-specific permission settings do not grant Local Activation permission.
Information,2026-06-15 22:56:00,Microsoft-Windows-DistributedCOM,10016,None,The operation completed successfully.
Information,2026-06-15 23:01:00,Microsoft-Windows-DistributedCOM,10010,None,A Windows service changed state.
Information,2026-06-15 23:14:00,Microsoft-Windows-DistributedCOM,10016,None,A user session was started.
Warning,2026-06-15 23:14:00,Microsoft-Windows-WindowsUpdateClient,20,None,A device reported a recoverable condition.
Information,2026-06-15 23:39:00,Microsoft-Windows-Kernel-Power,109,None,A user session was started.
Information,2026-06-15 23:49:00,Microsoft-Windows-Kernel-Power,41,None,The operation completed successfully.
Information,2026-06-16 00:01:00,Microsoft-Windows-DistributedCOM,10010,None,The update operation completed.
Information,2026-06-16 00:24:00,Microsoft-Windows-DistributedCOM,10010,None,The update operation completed.
Error,2026-06-16 01:10:00,Microsoft-Windows-Kernel-Power,109,None,A service terminated unexpectedly.
Error,2026-06-16 01:24:00,Microsoft-Windows-DistributedCOM,10010,None,An application stopped responding.
Warning,2026-06-16 01:46:00,Microsoft-Windows-DistributedCOM,10016,None,A device reported a recoverable condition.
Warning,2026-06-16 01:48:00,Microsoft-Windows-WindowsUpdateClient,19,None,The application-specific permission settings do not grant Local Activation permission.
Error,2026-06-16 02:05:00,Microsoft-Windows-DistributedCOM,10010,None,A user logon attempt failed.
Error,2026-06-16 02:07:00,Microsoft-Windows-DistributedCOM,10016,None,An update could not be installed.
Information,2026-06-16 03:49:00,Service Control Manager,7001,None,A Windows service changed state.
Information,2026-06-16 04:16:00,Microsoft-Windows-DistributedCOM,10016,None,The operation completed successfully.
Information,2026-06-16 04:17:00,Microsoft-Windows-DistributedCOM,10010,None,A Windows service changed state.
Information,2026-06-16 04:46:00,Microsoft-Windows-DistributedCOM,10010,None,The operation completed successfully.
Warning,2026-06-16 05:06:00,Service Control Manager,7031,None,A service took longer than expected to respond.
Warning,2026-06-16 06:08:00,Microsoft-Windows-DistributedCOM,10010,None,The application-specific permission settings do not grant Local Activation permission.
Information,2026-06-16 06:16:00,Microsoft-Windows-DistributedCOM,10016,None,A Windows service changed state.
Warning,2026-06-16 06:39:00,Microsoft-Windows-Kernel-Power,109,None,A device reported a recoverable condition.
Warning,2026-06-16 07:55:00,Microsoft-Windows-WindowsUpdateClient,20,None,The application-specific permission settings do not grant Local Activation permission.
Error,2026-06-16 09:13:00,Microsoft-Windows-DistributedCOM,10010,None,A user logon attempt failed.
Information,2026-06-16 10:12:00,Microsoft-Windows-DistributedCOM,10010,None,A Windows service changed state.
Information,2026-06-16 10:16:00,Microsoft-Windows-WindowsUpdateClient,31,None,A Windows service changed state.
Warning,2026-06-16 10:46:00,Winlogon,6005,None,The application-specific permission settings do not grant Local Activation permission.
Information,2026-06-16 11:16:00,Microsoft-Windows-DistributedCOM,10010,None,A Windows service changed state.
Information,2026-06-16 11:24:00,Winlogon,6005,None,A Windows service changed state.
Information,2026-06-16 11:44:00,Application Error,1000,None,A Windows service changed state.
Information,2026-06-16 11:44:00,Microsoft-Windows-Security-Auditing,4624,None,A Windows service changed state.
Information,2026-06-16 12:26:00,Microsoft-Windows-WindowsUpdateClient,43,None,The update operation completed.
Warning,2026-06-16 14:11:00,Microsoft-Windows-DistributedCOM,10016,None,A service took longer than expected to respond.
Warning,2026-06-16 14:14:00,Microsoft-Windows-WindowsUpdateClient,43,None,The application-specific permission settings do not grant Local Activation permission.
Error,2026-06-16 14:37:00,Microsoft-Windows-DistributedCOM,10016,None,A service terminated unexpectedly.
Warning,2026-06-16 15:12:00,Service Control Manager,7001,None,The application-specific permission settings do not grant Local Activation permission.
Information,2026-06-16 15:32:00,Microsoft-Windows-DistributedCOM,10016,None,The update operation completed.
Information,2026-06-16 15:46:00,Microsoft-Windows-DistributedCOM,10010,None,A user session was started.
Information,2026-06-16 16:25:00,Microsoft-Windows-DriverFrameworks-UserMode,10111,None,The operation completed successfully.
Information,2026-06-16 16:51:00,Microsoft-Windows-Kernel-Power,41,None,A Windows service changed state.
Error,2026-06-16 17:16:00,Microsoft-Windows-DistributedCOM,10010,None,A user logon attempt failed.
Warning,2026-06-16 17:24:00,Microsoft-Windows-WindowsUpdateClient,20,None,A service took longer than expected to respond.
Warning,2026-06-16 17:35:00,Microsoft-Windows-DistributedCOM,10010,None,A service took longer than expected to respond.
Warning,2026-06-16 17:47:00,Microsoft-Windows-DistributedCOM,10016,None,A service took longer than expected to respond.
Error,2026-06-16 18:00:00,Microsoft-Windows-DistributedCOM,10010,None,An update could not be installed.
Information,2026-06-16 18:17:00,Service Control Manager,7040,None,The update operation completed.
Information,2026-06-16 19:12:00,Application Error,1000,None,A Windows service changed state.
Information,2026-06-16 19:33:00,Microsoft-Windows-DistributedCOM,10010,None,A user session was started.
Warning,2026-06-16 19:34:00,Microsoft-Windows-DistributedCOM,10010,None,The application-specific permission settings do not grant Local Activation permission.
Information,2026-06-16 20:26:00,Microsoft-Windows-DistributedCOM,10010,None,The update operation completed.
Warning,2026-06-16 20:26:00,Service Control Manager,7000,None,The application-specific permission settings do not grant Local Activation permission.
Information,2026-06-16 20:26:00,Microsoft-Windows-Security-Auditing,4624,None,A user session was started.
Information,2026-06-16 21:07:00,Application Error,1001,None,A user session was started.
Information,2026-06-16 21:14:00,Service Control Manager,7031,None,The update operation completed.
Information,2026-06-16 22:21:00,Microsoft-Windows-Security-Auditing,4624,None,The operation completed successfully.
Information,2026-06-16 22:23:00,Service Control Manager,7001,None,The operation completed successfully.
Warning,2026-06-16 22:46:00,Microsoft-Windows-WindowsUpdateClient,19,None,A device reported a recoverable condition.
Warning,2026-06-16 23:49:00,Microsoft-Windows-DistributedCOM,10010,None,A service took longer than expected to respond.
Information,2026-06-17 00:44:00,Microsoft-Windows-DistributedCOM,10016,None,The update operation completed.
Information,2026-06-17 01:11:00,Service Control Manager,7000,None,The operation completed successfully.
Error,2026-06-17 01:14:00,Service Control Manager,7040,None,An application stopped responding.
Information,2026-06-17 01:44:00,Microsoft-Windows-WindowsUpdateClient,31,None,A user session was started.
Information,2026-06-17 02:25:00,Microsoft-Windows-Security-Auditing,4624,None,A user session was started.
Warning,2026-06-17 02:36:00,Service Control Manager,7031,None,A service took longer than expected to respond.
Information,2026-06-17 02:59:00,Service Control Manager,7040,None,A user session was started.
Information,2026-06-17 03:38:00,Microsoft-Windows-Kernel-Power,41,None,A user session was started.
Information,2026-06-17 04:06:00,Microsoft-Windows-WindowsUpdateClient,31,None,A Windows service changed state.
Information,2026-06-17 04:12:00,Service Control Manager,7000,None,The operation completed successfully.
Information,2026-06-17 05:07:00,Service Control Manager,7040,None,A Windows service changed state.
Error,2026-06-17 06:30:00,Winlogon,6005,None,An application stopped responding.
Warning,2026-06-17 06:40:00,Microsoft-Windows-WindowsUpdateClient,43,None,A device reported a recoverable condition.
Warning,2026-06-17 06:57:00,Microsoft-Windows-DistributedCOM,10016,None,The application-specific permission settings do not grant Local Activation permission.
Information,2026-06-17 08:16:00,Microsoft-Windows-DistributedCOM,10010,None,A user session was started.
Information,2026-06-17 10:00:00,Winlogon,6005,None,The operation completed successfully.
Error,2026-06-17 10:15:00,Microsoft-Windows-DistributedCOM,10016,None,An update could not be installed.
Warning,2026-06-17 11:53:00,Microsoft-Windows-WindowsUpdateClient,43,None,The application-specific permission settings do not grant Local Activation permission.
Warning,2026-06-17 12:29:00,Microsoft-Windows-DistributedCOM,10016,None,A device reported a recoverable condition.
Warning,2026-06-17 13:03:00,Microsoft-Windows-DistributedCOM,10010,None,A service took longer than expected to respond.
Information,2026-06-17 13:07:00,Microsoft-Windows-Security-Auditing,4634,None,A user session was started.
Warning,2026-06-17 13:54:00,Service Control Manager,7040,None,A service took longer than expected to respond.
Information,2026-06-17 14:00:00,Microsoft-Windows-DistributedCOM,10016,None,A Windows service changed state.
Warning,2026-06-17 14:22:00,Microsoft-Windows-DistributedCOM,10016,None,A device reported a recoverable condition.
Warning,2026-06-17 14:51:00,Service Control Manager,7001,None,A service took longer than expected to respond.
Information,2026-06-17 15:59:00,Service Control Manager,7001,None,The operation completed successfully.
Information,2026-06-17 18:10:00,Service Control Manager,7040,None,The operation completed successfully.
Information,2026-06-17 18:12:00,Application Error,1000,None,The operation completed successfully.
Information,2026-06-17 18:39:00,Microsoft-Windows-WindowsUpdateClient,31,None,A user session was started.
Warning,2026-06-17 18:51:00,Microsoft-Windows-DistributedCOM,10010,None,A service took longer than expected to respond.
Information,2026-06-17 18:55:00,Microsoft-Windows-WindowsUpdateClient,43,None,The update operation completed.
Error,2026-06-17 19:09:00,Microsoft-Windows-DistributedCOM,10016,None,An update could not be installed.
Warning,2026-06-17 19:50:00,Microsoft-Windows-DistributedCOM,10016,None,A service took longer than expected to respond.
Information,2026-06-17 20:23:00,Microsoft-Windows-DistributedCOM,10016,None,The update operation completed.
Error,2026-06-17 20:24:00,Microsoft-Windows-WindowsUpdateClient,31,None,A user logon attempt failed.
Information,2026-06-17 20:53:00,Service Control Manager,7001,None,A Windows service changed state.
Information,2026-06-17 21:18:00,Microsoft-Windows-WindowsUpdateClient,31,None,The operation completed successfully.
Information,2026-06-17 22:21:00,Microsoft-Windows-DistributedCOM,10010,None,A user session was started.
Information,2026-06-17 22:32:00,Microsoft-Windows-DriverFrameworks-UserMode,10110,None,The operation completed successfully.
Information,2026-06-17 23:01:00,Microsoft-Windows-DistributedCOM,10016,None,A user session was started.
Information,2026-06-17 23:04:00,Microsoft-Windows-DistributedCOM,10010,None,A Windows service changed state.
Error,2026-06-17 23:43:00,Microsoft-Windows-DistributedCOM,10010,None,A service terminated unexpectedly.
Warning,2026-06-18 00:50:00,Service Control Manager,7001,None,A service took longer than expected to respond.
Information,2026-06-18 01:48:00,Microsoft-Windows-WindowsUpdateClient,19,None,A user session was started.
Information,2026-06-18 01:53:00,Service Control Manager,7031,None,The operation completed successfully.
Warning,2026-06-18 02:12:00,Service Control Manager,7031,None,The application-specific permission settings do not grant Local Activation permission.
Warning,2026-06-18 02:23:00,Microsoft-Windows-WindowsUpdateClient,31,None,A service took longer than expected to respond.
Information,2026-06-18 02:36:00,Application Error,1000,None,A Windows service changed state.
Warning,2026-06-18 03:32:00,Service Control Manager,7040,None,The application-specific permission settings do not grant Local Activation permission.
Warning,2026-06-18 04:14:00,Microsoft-Windows-DistributedCOM,10016,None,A service took longer than expected to respond.
Warning,2026-06-18 04:54:00,Microsoft-Windows-WindowsUpdateClient,19,None,The application-specific permission settings do not grant Local Activation permission.
Information,2026-06-18 04:58:00,Microsoft-Windows-DistributedCOM,10016,None,The update operation completed.
Error,2026-06-18 05:13:00,Application Error,1000,None,An update could not be installed.
Information,2026-06-18 06:00:00,Microsoft-Windows-DistributedCOM,10010,None,The operation completed successfully.
Warning,2026-06-18 07:02:00,Service Control Manager,7000,None,A device reported a recoverable condition.
Information,2026-06-18 08:40:00,Microsoft-Windows-DistributedCOM,10010,None,The operation completed successfully.
Information,2026-06-18 09:33:00,Winlogon,6005,None,A user session was started.
Error,2026-06-18 09:36:00,Microsoft-Windows-WindowsUpdateClient,19,None,An update could not be installed.
Information,2026-06-18 09:37:00,Microsoft-Windows-Security-Auditing,4634,None,A Windows service changed state.
Warning,2026-06-18 11:11:00,Microsoft-Windows-WindowsUpdateClient,20,None,The application-specific permission settings do not grant Local Activation permission.
Error,2026-06-18 11:11:00,Winlogon,6006,None,An update could not be installed.
Information,2026-06-18 11:20:00,Microsoft-Windows-DistributedCOM,10016,None,The operation completed successfully.
Critical,2026-06-18 11:34:00,Microsoft-Windows-WindowsUpdateClient,20,None,A critical system component stopped unexpectedly.
Warning,2026-06-18 11:39:00,Service Control Manager,7040,None,A service took longer than expected to respond.
Warning,2026-06-18 12:29:00,Microsoft-Windows-DistributedCOM,10010,None,The application-specific permission settings do not grant Local Activation permission.
Information,2026-06-18 12:34:00,Microsoft-Windows-DistributedCOM,10010,None,A user session was started.
Warning,2026-06-18 13:02:00,Microsoft-Windows-DistributedCOM,10010,None,The application-specific permission settings do not grant Local Activation permission.
Information,2026-06-18 15:06:00,Microsoft-Windows-Kernel-Power,109,None,A user session was started.
Information,2026-06-18 15:19:00,Service Control Manager,7001,None,The operation completed successfully.
Information,2026-06-18 15:41:00,Microsoft-Windows-DistributedCOM,10016,None,A user session was started.
Information,2026-06-18 15:45:00,Microsoft-Windows-DistributedCOM,10016,None,The operation completed successfully.
Information,2026-06-18 15:54:00,Service Control Manager,7001,None,The update operation completed.
Warning,2026-06-18 16:01:00,Microsoft-Windows-Kernel-Power,109,None,A device reported a recoverable condition.
Information,2026-06-18 16:18:00,Microsoft-Windows-DistributedCOM,10016,None,A user session was started.
Warning,2026-06-18 16:22:00,Microsoft-Windows-DistributedCOM,10010,None,A device reported a recoverable condition.
Information,2026-06-18 16:33:00,Microsoft-Windows-Security-Auditing,4624,None,A user session was started.
Information,2026-06-18 16:36:00,Service Control Manager,7000,None,The operation completed successfully.
Information,2026-06-18 16:44:00,Application Error,1001,None,The operation completed successfully.
Information,2026-06-18 16:58:00,Microsoft-Windows-DistributedCOM,10016,None,A Windows service changed state.
Information,2026-06-18 17:19:00,Microsoft-Windows-DistributedCOM,10010,None,A Windows service changed state.
Information,2026-06-18 17:50:00,Service Control Manager,7040,None,The update operation completed.
Error,2026-06-18 18:01:00,Microsoft-Windows-DistributedCOM,10016,None,A service terminated unexpectedly.
Information,2026-06-18 18:07:00,Service Control Manager,7000,None,A Windows service changed state.
Information,2026-06-18 18:10:00,Microsoft-Windows-DistributedCOM,10010,None,A user session was started.
Information,2026-06-18 18:12:00,Service Control Manager,7040,None,The operation completed successfully.
Information,2026-06-18 20:14:00,Microsoft-Windows-DriverFrameworks-UserMode,10111,None,A user session was started.
Information,2026-06-18 20:55:00,Microsoft-Windows-Security-Auditing,4624,None,A user session was started.
Error,2026-06-18 21:08:00,Service Control Manager,7031,None,An application stopped responding.
Information,2026-06-18 21:18:00,Service Control Manager,7040,None,A user session was started.
Warning,2026-06-18 21:35:00,Service Control Manager,7001,None,A device reported a recoverable condition.
Error,2026-06-18 21:57:00,Microsoft-Windows-DistributedCOM,10016,None,A user logon attempt failed.
Warning,2026-06-18 23:07:00,Service Control Manager,7001,None,A service took longer than expected to respond.
Information,2026-06-19 00:07:00,Microsoft-Windows-DistributedCOM,10010,None,A Windows service changed state.
Information,2026-06-19 00:15:00,Service Control Manager,7031,None,A user session was started.
Information,2026-06-19 00:15:00,Microsoft-Windows-DistributedCOM,10010,None,A user session was started.
Information,2026-06-19 00:16:00,Microsoft-Windows-Security-Auditing,4624,None,The operation completed successfully.
Information,2026-06-19 00:34:00,Microsoft-Windows-WindowsUpdateClient,43,None,A user session was started.
Information,2026-06-19 00:38:00,Microsoft-Windows-WindowsUpdateClient,20,None,A Windows service changed state.
Information,2026-06-19 00:39:00,Microsoft-Windows-DistributedCOM,10010,None,The update operation completed.
Information,2026-06-19 01:01:00,Microsoft-Windows-DistributedCOM,10010,None,The update operation completed.
Warning,2026-06-19 01:08:00,Microsoft-Windows-DistributedCOM,10016,None,A service took longer than expected to respond.
Information,2026-06-19 01:17:00,Microsoft-Windows-WindowsUpdateClient,20,None,A user session was started.
Warning,2026-06-19 01:25:00,Microsoft-Windows-DistributedCOM,10010,None,A service took longer than expected to respond.
Information,2026-06-19 01:42:00,Service Control Manager,7040,None,The update operation completed.
Warning,2026-06-19 01:49:00,Microsoft-Windows-DistributedCOM,10010,None,A device reported a recoverable condition.
Information,2026-06-19 01:55:00,Microsoft-Windows-DistributedCOM,10010,None,The operation completed successfully.
Error,2026-06-19 02:05:00,Microsoft-Windows-DistributedCOM,10010,None,A service terminated unexpectedly.
Information,2026-06-19 02:06:00,Microsoft-Windows-Security-Auditing,4624,None,A user session was started.
Information,2026-06-19 02:15:00,Winlogon,6005,None,A Windows service changed state.
Warning,2026-06-19 02:32:00,Microsoft-Windows-WindowsUpdateClient,19,None,A service took longer than expected to respond.
Information,2026-06-19 02:35:00,Microsoft-Windows-DistributedCOM,10010,None,The operation completed successfully.
Information,2026-06-19 02:36:00,Microsoft-Windows-DistributedCOM,10016,None,A Windows service changed state.
Information,2026-06-19 02:44:00,Microsoft-Windows-WindowsUpdateClient,19,None,The operation completed successfully.
Information,2026-06-19 02:59:00,Microsoft-Windows-DistributedCOM,10010,None,The update operation completed.
Information,2026-06-19 03:16:00,Microsoft-Windows-DistributedCOM,10010,None,The update operation completed.
Warning,2026-06-19 03:44:00,Service Control Manager,7040,None,A service took longer than expected to respond.
Warning,2026-06-19 03:49:00,Microsoft-Windows-WindowsUpdateClient,31,None,A service took longer than expected to respond.
Critical,2026-06-19 03:51:00,Microsoft-Windows-WindowsUpdateClient,31,None,The system rebooted without cleanly shutting down first.
Information,2026-06-19 03:57:00,Microsoft-Windows-DistributedCOM,10016,None,The operation completed successfully.
Information,2026-06-19 03:59:00,Microsoft-Windows-DistributedCOM,10016,None,The update operation completed.
Information,2026-06-19 04:06:00,Service Control Manager,7000,None,The operation completed successfully.
Warning,2026-06-19 04:07:00,Microsoft-Windows-WindowsUpdateClient,43,None,A service took longer than expected to respond.
